[0607/164547.144:ERROR:process_reader_win.cc(188)] ResumeThread: The parameter is incorrect. (0x57)
[0607/164547.146:ERROR:process_reader_win.cc(151)] SuspendThread: Access is denied. (0x5)
[0607/164547.146:ERROR:process_reader_win.cc(151)] SuspendThread: Access is denied. (0x5)
[0607/164547.146:ERROR:process_reader_win.cc(123)] NtOpenThread: An invalid Client ID was specified. (0xc000000b)
[0607/164547.159:ERROR:process_reader_win.cc(151)] SuspendThread: Access is denied. (0x5)
[0607/164547.208:ERROR:process_memory_win.cc(73)] ReadMemory at 0x29ce4372470 of 6656 bytes failed: Only part of a ReadProcessMemory or WriteProcessMemory request was completed. (0x12B)
[0607/164547.208:ERROR:process_snapshot_win.cc(322)] failed to read unloaded module data
[0607/164547.214:ERROR:process_memory_win.cc(73)] ReadMemory at 0x7ff61d220000 of 64 bytes failed: Only part of a ReadProcessMemory or WriteProcessMemory request was completed. (0x12B)
[0607/164547.214:WARNING:pe_image_reader.cc(340)] could not read dos header from C:\Program Files (x86)\Google\Chrome\Application\chrome.exe
[0607/164547.230:ERROR:process_memory_win.cc(73)] ReadMemory at 0x7ff61d220000 of 64 bytes failed: Only part of a ReadProcessMemory or WriteProcessMemory request was completed. (0x12B)
[0607/164547.230:WARNING:pe_image_reader.cc(340)] could not read dos header from C:\Program Files (x86)\Google\Chrome\Application\chrome.exe
[0607/164547.230:ERROR:process_memory_win.cc(73)] ReadMemory at 0x7ff61d220000 of 64 bytes failed: Only part of a ReadProcessMemory or WriteProcessMemory request was completed. (0x12B)
[0607/164547.230:WARNING:pe_image_reader.cc(340)] could not read dos header from C:\Program Files (x86)\Google\Chrome\Application\chrome.exe
[0607/164547.230:ERROR:process_memory_win.cc(73)] ReadMemory at 0x29ce47f3bd0 of 72 bytes failed: Only part of a ReadProcessMemory or WriteProcessMemory request was completed. (0x12B)
[0607/164547.230:WARNING:pe_image_annotations_reader.cc(134)] could not read annotations list object in C:\Program Files (x86)\Google\Chrome\Application\83.0.4103.97\chrome_elf.dll
[0607/164547.231:ERROR:process_memory_win.cc(73)] ReadMemory at 0x7ffc26c70000 of 64 bytes failed: Only part of a ReadProcessMemory or WriteProcessMemory request was completed. (0x12B)
[0607/164547.231:WARNING:pe_image_reader.cc(340)] could not read dos header from C:\Program Files (x86)\Google\Chrome\Application\83.0.4103.97\chrome.dll
[0607/164547.231:ERROR:process_memory_win.cc(73)] ReadMemory at 0x7ffc26c70000 of 64 bytes failed: Only part of a ReadProcessMemory or WriteProcessMemory request was completed. (0x12B)
[0607/164547.231:WARNING:pe_image_reader.cc(340)] could not read dos header from C:\Program Files (x86)\Google\Chrome\Application\83.0.4103.97\chrome.dll
[0607/164548.001:ERROR:process_memory_win.cc(73)] ReadMemory at 0x7ff61d220000 of 64 bytes failed: Only part of a ReadProcessMemory or WriteProcessMemory request was completed. (0x12B)
[0607/164548.001:WARNING:pe_image_reader.cc(340)] could not read dos header from C:\Program Files (x86)\Google\Chrome\Application\chrome.exe
[0607/164548.001:ERROR:process_memory_win.cc(73)] ReadMemory at 0x7ffc9d9c0000 of 64 bytes failed: Only part of a ReadProcessMemory or WriteProcessMemory request was completed. (0x12B)
[0607/164548.001:WARNING:pe_image_reader.cc(340)] could not read dos header from C:\WINDOWS\SYSTEM32\ntdll.dll
[0607/164548.001:ERROR:process_memory_win.cc(73)] ReadMemory at 0x7ffc9cb80000 of 64 bytes failed: Only part of a ReadProcessMemory or WriteProcessMemory request was completed. (0x12B)
[0607/164548.001:WARNING:pe_image_reader.cc(340)] could not read dos header from C:\WINDOWS\System32\KERNEL32.DLL
[0607/164548.001:ERROR:process_memory_win.cc(73)] ReadMemory at 0x7ffc9b450000 of 64 bytes failed: Only part of a ReadProcessMemory or WriteProcessMemory request was completed. (0x12B)
[0607/164548.001:WARNING:pe_image_reader.cc(340)] could not read dos header from C:\WINDOWS\System32\KERNELBASE.dll
[0607/164548.001:ERROR:process_memory_win.cc(73)] ReadMemory at 0x7ffc5e940000 of 64 bytes failed: Only part of a ReadProcessMemory or WriteProcessMemory request was completed. (0x12B)
[0607/164548.002:WARNING:pe_image_reader.cc(340)] could not read dos header from C:\Program Files (x86)\Google\Chrome\Application\83.0.4103.97\chrome_elf.dll
[0607/164548.002:ERROR:process_memory_win.cc(73)] ReadMemory at 0x7ffc8dd40000 of 64 bytes failed: Only part of a ReadProcessMemory or WriteProcessMemory request was completed. (0x12B)
[0607/164548.002:WARNING:pe_image_reader.cc(340)] could not read dos header from C:\WINDOWS\SYSTEM32\VERSION.dll
[0607/164548.002:ERROR:process_memory_win.cc(73)] ReadMemory at 0x7ffc9d8e0000 of 64 bytes failed: Only part of a ReadProcessMemory or WriteProcessMemory request was completed. (0x12B)
[0607/164548.002:WARNING:pe_image_reader.cc(340)] could not read dos header from C:\WINDOWS\System32\msvcrt.dll
[0607/164548.002:ERROR:process_memory_win.cc(73)] ReadMemory at 0x7ffc9b850000 of 64 bytes failed: Only part of a ReadProcessMemory or WriteProcessMemory request was completed. (0x12B)
[0607/164548.002:WARNING:pe_image_reader.cc(340)] could not read dos header from C:\WINDOWS\System32\bcryptPrimitives.dll
[0607/164548.002:ERROR:process_memory_win.cc(73)] ReadMemory at 0x7ffc9d6a0000 of 64 bytes failed: Only part of a ReadProcessMemory or WriteProcessMemory request was completed. (0x12B)
[0607/164548.002:WARNING:pe_image_reader.cc(340)] could not read dos header from C:\WINDOWS\System32\ADVAPI32.dll
[0607/164548.002:ERROR:process_memory_win.cc(73)] ReadMemory at 0x7ffc9cf90000 of 64 bytes failed: Only part of a ReadProcessMemory or WriteProcessMemory request was completed. (0x12B)
[0607/164548.002:WARNING:pe_image_reader.cc(340)] could not read dos header from C:\WINDOWS\System32\sechost.dll
[0607/164548.002:ERROR:process_memory_win.cc(73)] ReadMemory at 0x7ffc9ce70000 of 64 bytes failed: Only part of a ReadProcessMemory or WriteProcessMemory request was completed. (0x12B)
[0607/164548.002:WARNING:pe_image_reader.cc(340)] could not read dos header from C:\WINDOWS\System32\RPCRT4.dll
[0607/164548.002:ERROR:process_memory_win.cc(73)] ReadMemory at 0x7ffc26c70000 of 64 bytes failed: Only part of a ReadProcessMemory or WriteProcessMemory request was completed. (0x12B)
[0607/164548.002:WARNING:pe_image_reader.cc(340)] could not read dos header from C:\Program Files (x86)\Google\Chrome\Application\83.0.4103.97\chrome.dll
[0607/164548.003:ERROR:process_memory_win.cc(73)] ReadMemory at 0x7ffc9d030000 of 64 bytes failed: Only part of a ReadProcessMemory or WriteProcessMemory request was completed. (0x12B)
[0607/164548.003:WARNING:pe_image_reader.cc(340)] could not read dos header from C:\WINDOWS\System32\WS2_32.dll
[0607/164548.003:ERROR:process_memory_win.cc(73)] ReadMemory at 0x7ffc9d790000 of 64 bytes failed: Only part of a ReadProcessMemory or WriteProcessMemory request was completed. (0x12B)
[0607/164548.003:WARNING:pe_image_reader.cc(340)] could not read dos header from C:\WINDOWS\System32\OLEAUT32.dll
[0607/164548.003:ERROR:process_memory_win.cc(73)] ReadMemory at 0x7ffc9a9b0000 of 64 bytes failed: Only part of a ReadProcessMemory or WriteProcessMemory request was completed. (0x12B)
[0607/164548.003:WARNING:pe_image_reader.cc(340)] could not read dos header from C:\WINDOWS\System32\msvcp_win.dll
[0607/164548.003:ERROR:process_memory_win.cc(73)] ReadMemory at 0x7ffc9abd0000 of 64 bytes failed: Only part of a ReadProcessMemory or WriteProcessMemory request was completed. (0x12B)
[0607/164548.003:WARNING:pe_image_reader.cc(340)] could not read dos header from C:\WINDOWS\System32\ucrtbase.dll
[0607/164548.003:ERROR:process_memory_win.cc(73)] ReadMemory at 0x7ffc9d290000 of 64 bytes failed: Only part of a ReadProcessMemory or WriteProcessMemory request was completed. (0x12B)
[0607/164548.003:WARNING:pe_image_reader.cc(340)] could not read dos header from C:\WINDOWS\System32\combase.dll
[0607/164548.003:ERROR:process_memory_win.cc(73)] ReadMemory at 0x7ffc9a950000 of 64 bytes failed: Only part of a ReadProcessMemory or WriteProcessMemory request was completed. (0x12B)
[0607/164548.003:WARNING:pe_image_reader.cc(340)] could not read dos header from C:\WINDOWS\System32\WINTRUST.dll
[0607/164548.003:ERROR:process_memory_win.cc(73)] ReadMemory at 0x7ffc9a8e0000 of 64 bytes failed: Only part of a ReadProcessMemory or WriteProcessMemory request was completed. (0x12B)
[0607/164548.003:WARNING:pe_image_reader.cc(340)] could not read dos header from C:\WINDOWS\System32\MSASN1.dll
[0607/164548.003:ERROR:process_memory_win.cc(73)] ReadMemory at 0x7ffc9aa80000 of 64 bytes failed: Only part of a ReadProcessMemory or WriteProcessMemory request was completed. (0x12B)
[0607/164548.003:WARNING:pe_image_reader.cc(340)] could not read dos header from C:\WINDOWS\System32\CRYPT32.dll
[0607/164548.003:ERROR:process_memory_win.cc(73)] ReadMemory at 0x7ffc99780000 of 64 bytes failed: Only part of a ReadProcessMemory or WriteProcessMemory request was completed. (0x12B)
[0607/164548.004:WARNING:pe_image_reader.cc(340)] could not read dos header from C:\WINDOWS\SYSTEM32\IPHLPAPI.DLL
[0607/164548.004:ERROR:process_memory_win.cc(73)] ReadMemory at 0x7ffc96e50000 of 64 bytes failed: Only part of a ReadProcessMemory or WriteProcessMemory request was completed. (0x12B)
[0607/164548.004:WARNING:pe_image_reader.cc(340)] could not read dos header from C:\WINDOWS\SYSTEM32\WINMM.dll
[0607/164548.004:ERROR:process_memory_win.cc(73)] ReadMemory at 0x7ffc841c0000 of 64 bytes failed: Only part of a ReadProcessMemory or WriteProcessMemory request was completed. (0x12B)
[0607/164548.004:WARNING:pe_image_reader.cc(340)] could not read dos header from C:\WINDOWS\SYSTEM32\Secur32.dll
[0607/164548.004:ERROR:process_memory_win.cc(73)] ReadMemory at 0x7ffc9a7a0000 of 64 bytes failed: Only part of a ReadProcessMemory or WriteProcessMemory request was completed. (0x12B)
[0607/164548.004:WARNING:pe_image_reader.cc(340)] could not read dos header from C:\WINDOWS\SYSTEM32\USERENV.dll
[0607/164548.004:ERROR:process_memory_win.cc(73)] ReadMemory at 0x7ffc9a8b0000 of 64 bytes failed: Only part of a ReadProcessMemory or WriteProcessMemory request was completed. (0x12B)
[0607/164548.004:WARNING:pe_image_reader.cc(340)] could not read dos header from C:\WINDOWS\System32\profapi.dll
[0607/164548.004:ERROR:process_memory_win.cc(73)] ReadMemory at 0x7ffc7bd90000 of 64 bytes failed: Only part of a ReadProcessMemory or WriteProcessMemory request was completed. (0x12B)
[0607/164548.004:WARNING:pe_image_reader.cc(340)] could not read dos header from C:\WINDOWS\SYSTEM32\UIAutomationCore.DLL
[0607/164548.005:ERROR:process_memory_win.cc(73)] ReadMemory at 0x7ffc92250000 of 64 bytes failed: Only part of a ReadProcessMemory or WriteProcessMemory request was completed. (0x12B)
[0607/164548.005:WARNING:pe_image_reader.cc(340)] could not read dos header from C:\WINDOWS\SYSTEM32\DWrite.dll
[0607/164548.005:ERROR:process_memory_win.cc(73)] ReadMemory at 0x7ffc7d6e0000 of 64 bytes failed: Only part of a ReadProcessMemory or WriteProcessMemory request was completed. (0x12B)
[0607/164548.005:WARNING:pe_image_reader.cc(340)] could not read dos header from C:\WINDOWS\SYSTEM32\WINSPOOL.DRV
[0607/164548.005:ERROR:process_memory_win.cc(73)] ReadMemory at 0x7ffc9a890000 of 64 bytes failed: Only part of a ReadProcessMemory or WriteProcessMemory request was completed. (0x12B)
[0607/164548.005:WARNING:pe_image_reader.cc(340)] could not read dos header from C:\WINDOWS\System32\kernel.appcore.dll
[0607/164548.005:ERROR:process_memory_win.cc(73)] ReadMemory at 0x7ffc9b750000 of 64 bytes failed: Only part of a ReadProcessMemory or WriteProcessMemory request was completed. (0x12B)
[0607/164548.005:WARNING:pe_image_reader.cc(340)] could not read dos header from C:\WINDOWS\System32\bcrypt.dll
[0607/164548.005:ERROR:process_memory_win.cc(73)] ReadMemory at 0x7ffc9a200000 of 64 bytes failed: Only part of a ReadProcessMemory or WriteProcessMemory request was completed. (0x12B)
[0607/164548.006:WARNING:pe_image_reader.cc(340)] could not read dos header from C:\WINDOWS\SYSTEM32\dbghelp.dll
[0607/164548.006:ERROR:process_memory_win.cc(73)] ReadMemory at 0x7ffc87000000 of 64 bytes failed: Only part of a ReadProcessMemory or WriteProcessMemory request was completed. (0x12B)
[0607/164548.006:WARNING:pe_image_reader.cc(340)] could not read dos header from C:\WINDOWS\SYSTEM32\WINHTTP.dll
[0607/164548.006:ERROR:process_memory_win.cc(73)] ReadMemory at 0x7ffc94100000 of 64 bytes failed: Only part of a ReadProcessMemory or WriteProcessMemory request was completed. (0x12B)
[0607/164548.006:WARNING:pe_image_reader.cc(340)] could not read dos header from C:\WINDOWS\SYSTEM32\dhcpcsvc.DLL
[0607/164548.006:ERROR:process_memory_win.cc(73)] ReadMemory at 0x7ffc9d780000 of 64 bytes failed: Only part of a ReadProcessMemory or WriteProcessMemory request was completed. (0x12B)
[0607/164548.006:WARNING:pe_image_reader.cc(340)] could not read dos header from C:\WINDOWS\System32\NSI.dll
[0607/164548.006:ERROR:process_memory_win.cc(73)] ReadMemory at 0x7ffc96e20000 of 64 bytes failed: Only part of a ReadProcessMemory or WriteProcessMemory request was completed. (0x12B)
[0607/164548.006:WARNING:pe_image_reader.cc(340)] could not read dos header from C:\WINDOWS\SYSTEM32\WINMMBASE.dll
[0607/164548.006:ERROR:process_memory_win.cc(73)] ReadMemory at 0x7ffc9b700000 of 64 bytes failed: Only part of a ReadProcessMemory or WriteProcessMemory request was completed. (0x12B)
[0607/164548.007:WARNING:pe_image_reader.cc(340)] could not read dos header from C:\WINDOWS\System32\cfgmgr32.dll
[0607/164548.044:ERROR:process_memory_win.cc(73)] ReadMemory at 0x7ffc98ca0000 of 64 bytes failed: Only part of a ReadProcessMemory or WriteProcessMemory request was completed. (0x12B)
[0607/164548.044:WARNING:pe_image_reader.cc(340)] could not read dos header from C:\WINDOWS\SYSTEM32\PROPSYS.dll
[0607/164548.044:ERROR:process_memory_win.cc(73)] ReadMemory at 0x7ffc9d5d0000 of 64 bytes failed: Only part of a ReadProcessMemory or WriteProcessMemory request was completed. (0x12B)
[0607/164548.044:WARNING:pe_image_reader.cc(340)] could not read dos header from C:\WINDOWS\System32\shcore.dll
[0607/164548.044:ERROR:process_memory_win.cc(73)] ReadMemory at 0x7ffc9a770000 of 64 bytes failed: Only part of a ReadProcessMemory or WriteProcessMemory request was completed. (0x12B)
[0607/164548.044:WARNING:pe_image_reader.cc(340)] could not read dos header from C:\WINDOWS\SYSTEM32\SSPICLI.DLL
[0607/164548.044:ERROR:process_memory_win.cc(73)] ReadMemory at 0x7ffc9be80000 of 64 bytes failed: Only part of a ReadProcessMemory or WriteProcessMemory request was completed. (0x12B)
[0607/164548.044:WARNING:pe_image_reader.cc(340)] could not read dos header from C:\WINDOWS\System32\SHELL32.dll
[0607/164548.044:ERROR:process_memory_win.cc(73)] ReadMemory at 0x7ffc9acd0000 of 64 bytes failed: Only part of a ReadProcessMemory or WriteProcessMemory request was completed. (0x12B)
[0607/164548.044:WARNING:pe_image_reader.cc(340)] could not read dos header from C:\WINDOWS\System32\windows.storage.dll
[0607/164548.044:ERROR:process_memory_win.cc(73)] ReadMemory at 0x7ffc9a900000 of 64 bytes failed: Only part of a ReadProcessMemory or WriteProcessMemory request was completed. (0x12B)
[0607/164548.045:WARNING:pe_image_reader.cc(340)] could not read dos header from C:\WINDOWS\System32\powrprof.dll
[0607/164548.045:ERROR:process_memory_win.cc(73)] ReadMemory at 0x7ffc9a880000 of 64 bytes failed: Only part of a ReadProcessMemory or WriteProcessMemory request was completed. (0x12B)
[0607/164548.045:WARNING:pe_image_reader.cc(340)] could not read dos header from C:\WINDOWS\System32\UMPDC.dll
[0607/164548.045:ERROR:process_memory_win.cc(73)] ReadMemory at 0x7ffc9bd70000 of 64 bytes failed: Only part of a ReadProcessMemory or WriteProcessMemory request was completed. (0x12B)
[0607/164548.045:WARNING:pe_image_reader.cc(340)] could not read dos header from C:\WINDOWS\System32\shlwapi.dll
[0607/164548.045:ERROR:process_memory_win.cc(73)] ReadMemory at 0x7ffc9d750000 of 64 bytes failed: Only part of a ReadProcessMemory or WriteProcessMemory request was completed. (0x12B)
[0607/164548.045:WARNING:pe_image_reader.cc(340)] could not read dos header from C:\WINDOWS\System32\GDI32.dll
[0607/164548.045:ERROR:process_memory_win.cc(73)] ReadMemory at 0x7ffc9aa50000 of 64 bytes failed: Only part of a ReadProcessMemory or WriteProcessMemory request was completed. (0x12B)
[0607/164548.046:WARNING:pe_image_reader.cc(340)] could not read dos header from C:\WINDOWS\System32\win32u.dll
[0607/164548.046:ERROR:process_memory_win.cc(73)] ReadMemory at 0x7ffc9b8d0000 of 64 bytes failed: Only part of a ReadProcessMemory or WriteProcessMemory request was completed. (0x12B)
[0607/164548.046:WARNING:pe_image_reader.cc(340)] could not read dos header from C:\WINDOWS\System32\gdi32full.dll
[0607/164548.046:ERROR:process_memory_win.cc(73)] ReadMemory at 0x7ffc9c9e0000 of 64 bytes failed: Only part of a ReadProcessMemory or WriteProcessMemory request was completed. (0x12B)
[0607/164548.047:WARNING:pe_image_reader.cc(340)] could not read dos header from C:\WINDOWS\System32\USER32.dll
[0607/164548.047:ERROR:process_memory_win.cc(73)] ReadMemory at 0x7ffc9b830000 of 64 bytes failed: Only part of a ReadProcessMemory or WriteProcessMemory request was completed. (0x12B)
[0607/164548.047:WARNING:pe_image_reader.cc(340)] could not read dos header from C:\WINDOWS\System32\cryptsp.dll
[0607/164548.047:ERROR:process_memory_win.cc(73)] ReadMemory at 0x7ffc9d0a0000 of 64 bytes failed: Only part of a ReadProcessMemory or WriteProcessMemory request was completed. (0x12B)
[0607/164548.047:WARNING:pe_image_reader.cc(340)] could not read dos header from C:\WINDOWS\System32\IMM32.DLL
[0607/164548.047:ERROR:process_memory_win.cc(73)] ReadMemory at 0x7ffc99c60000 of 64 bytes failed: Only part of a ReadProcessMemory or WriteProcessMemory request was completed. (0x12B)
[0607/164548.047:WARNING:pe_image_reader.cc(340)] could not read dos header from C:\WINDOWS\SYSTEM32\CRYPTBASE.DLL
[0607/164548.047:ERROR:process_memory_win.cc(73)] ReadMemory at 0x7ffc96340000 of 64 bytes failed: Only part of a ReadProcessMemory or WriteProcessMemory request was completed. (0x12B)
[0607/164548.047:WARNING:pe_image_reader.cc(340)] could not read dos header from C:\WINDOWS\system32\NLAapi.dll
[0607/164548.047:ERROR:process_memory_win.cc(73)] ReadMemory at 0x7ffc940c0000 of 64 bytes failed: Only part of a ReadProcessMemory or WriteProcessMemory request was completed. (0x12B)
[0607/164548.047:WARNING:pe_image_reader.cc(340)] could not read dos header from C:\WINDOWS\SYSTEM32\dhcpcsvc6.DLL
[0607/164548.047:ERROR:process_memory_win.cc(73)] ReadMemory at 0x7ffc997c0000 of 64 bytes failed: Only part of a ReadProcessMemory or WriteProcessMemory request was completed. (0x12B)
[0607/164548.047:WARNING:pe_image_reader.cc(340)] could not read dos header from C:\WINDOWS\SYSTEM32\DNSAPI.dll
[0607/164548.047:ERROR:process_memory_win.cc(73)] ReadMemory at 0x7ffc93150000 of 64 bytes failed: Only part of a ReadProcessMemory or WriteProcessMemory request was completed. (0x12B)
[0607/164548.047:WARNING:pe_image_reader.cc(340)] could not read dos header from C:\WINDOWS\SYSTEM32\wlanapi.dll
[0607/164548.047:ERROR:process_memory_win.cc(73)] ReadMemory at 0x7ffc99a70000 of 64 bytes failed: Only part of a ReadProcessMemory or WriteProcessMemory request was completed. (0x12B)
[0607/164548.048:WARNING:pe_image_reader.cc(340)] could not read dos header from C:\WINDOWS\system32\mswsock.dll
[0607/164548.048:ERROR:process_memory_win.cc(73)] ReadMemory at 0x7ffc95280000 of 64 bytes failed: Only part of a ReadProcessMemory or WriteProcessMemory request was completed. (0x12B)
[0607/164548.048:WARNING:pe_image_reader.cc(340)] could not read dos header from C:\Windows\System32\rasadhlp.dll
[0607/164548.048:ERROR:process_memory_win.cc(73)] ReadMemory at 0x7ffc93a30000 of 64 bytes failed: Only part of a ReadProcessMemory or WriteProcessMemory request was completed. (0x12B)
[0607/164548.048:WARNING:pe_image_reader.cc(340)] could not read dos header from C:\WINDOWS\System32\fwpuclnt.dll
[0607/164548.048:ERROR:process_memory_win.cc(73)] ReadMemory at 0x7ffc99580000 of 64 bytes failed: Only part of a ReadProcessMemory or WriteProcessMemory request was completed. (0x12B)
[0607/164548.048:WARNING:pe_image_reader.cc(340)] could not read dos header from C:\WINDOWS\system32\rsaenh.dll
[0607/164548.048:ERROR:process_memory_win.cc(73)] ReadMemory at 0x7ffc98e10000 of 64 bytes failed: Only part of a ReadProcessMemory or WriteProcessMemory request was completed. (0x12B)
[0607/164548.048:WARNING:pe_image_reader.cc(340)] could not read dos header from C:\WINDOWS\SYSTEM32\gpapi.dll
[0607/164548.048:ERROR:process_memory_win.cc(73)] ReadMemory at 0x7ffc870f0000 of 64 bytes failed: Only part of a ReadProcessMemory or WriteProcessMemory request was completed. (0x12B)
[0607/164548.048:WARNING:pe_image_reader.cc(340)] could not read dos header from C:\Windows\System32\cryptnet.dll
[0607/164548.072:ERROR:process_memory_win.cc(73)] ReadMemory at 0x7ff61d220000 of 64 bytes failed: Only part of a ReadProcessMemory or WriteProcessMemory request was completed. (0x12B)
[0607/164548.072:WARNING:pe_image_reader.cc(340)] could not read dos header from C:\Program Files (x86)\Google\Chrome\Application\chrome.exe
[0607/164548.072:ERROR:process_memory_win.cc(73)] ReadMemory at 0x7ffc9d9c0000 of 64 bytes failed: Only part of a ReadProcessMemory or WriteProcessMemory request was completed. (0x12B)
[0607/164548.072:WARNING:pe_image_reader.cc(340)] could not read dos header from C:\WINDOWS\SYSTEM32\ntdll.dll
[0607/164548.072:ERROR:process_memory_win.cc(73)] ReadMemory at 0x7ffc9cb80000 of 64 bytes failed: Only part of a ReadProcessMemory or WriteProcessMemory request was completed. (0x12B)
[0607/164548.072:WARNING:pe_image_reader.cc(340)] could not read dos header from C:\WINDOWS\System32\KERNEL32.DLL
[0607/164548.072:ERROR:process_memory_win.cc(73)] ReadMemory at 0x7ffc9b450000 of 64 bytes failed: Only part of a ReadProcessMemory or WriteProcessMemory request was completed. (0x12B)
[0607/164548.072:WARNING:pe_image_reader.cc(340)] could not read dos header from C:\WINDOWS\System32\KERNELBASE.dll
[0607/164548.072:ERROR:process_memory_win.cc(73)] ReadMemory at 0x7ffc5e940000 of 64 bytes failed: Only part of a ReadProcessMemory or WriteProcessMemory request was completed. (0x12B)
[0607/164548.072:WARNING:pe_image_reader.cc(340)] could not read dos header from C:\Program Files (x86)\Google\Chrome\Application\83.0.4103.97\chrome_elf.dll
[0607/164548.072:ERROR:process_memory_win.cc(73)] ReadMemory at 0x7ffc8dd40000 of 64 bytes failed: Only part of a ReadProcessMemory or WriteProcessMemory request was completed. (0x12B)
[0607/164548.072:WARNING:pe_image_reader.cc(340)] could not read dos header from C:\WINDOWS\SYSTEM32\VERSION.dll
[0607/164548.072:ERROR:process_memory_win.cc(73)] ReadMemory at 0x7ffc9d8e0000 of 64 bytes failed: Only part of a ReadProcessMemory or WriteProcessMemory request was completed. (0x12B)
[0607/164548.072:WARNING:pe_image_reader.cc(340)] could not read dos header from C:\WINDOWS\System32\msvcrt.dll
[0607/164548.072:ERROR:process_memory_win.cc(73)] ReadMemory at 0x7ffc9b850000 of 64 bytes failed: Only part of a ReadProcessMemory or WriteProcessMemory request was completed. (0x12B)
[0607/164548.072:WARNING:pe_image_reader.cc(340)] could not read dos header from C:\WINDOWS\System32\bcryptPrimitives.dll
[0607/164548.072:ERROR:process_memory_win.cc(73)] ReadMemory at 0x7ffc9d6a0000 of 64 bytes failed: Only part of a ReadProcessMemory or WriteProcessMemory request was completed. (0x12B)
[0607/164548.072:WARNING:pe_image_reader.cc(340)] could not read dos header from C:\WINDOWS\System32\ADVAPI32.dll
[0607/164548.072:ERROR:process_memory_win.cc(73)] ReadMemory at 0x7ffc9cf90000 of 64 bytes failed: Only part of a ReadProcessMemory or WriteProcessMemory request was completed. (0x12B)
[0607/164548.072:WARNING:pe_image_reader.cc(340)] could not read dos header from C:\WINDOWS\System32\sechost.dll
[0607/164548.072:ERROR:process_memory_win.cc(73)] ReadMemory at 0x7ffc9ce70000 of 64 bytes failed: Only part of a ReadProcessMemory or WriteProcessMemory request was completed. (0x12B)
[0607/164548.073:WARNING:pe_image_reader.cc(340)] could not read dos header from C:\WINDOWS\System32\RPCRT4.dll
[0607/164548.073:ERROR:process_memory_win.cc(73)] ReadMemory at 0x7ffc26c70000 of 64 bytes failed: Only part of a ReadProcessMemory or WriteProcessMemory request was completed. (0x12B)
[0607/164548.073:WARNING:pe_image_reader.cc(340)] could not read dos header from C:\Program Files (x86)\Google\Chrome\Application\83.0.4103.97\chrome.dll
[0607/164548.073:ERROR:process_memory_win.cc(73)] ReadMemory at 0x7ffc9d030000 of 64 bytes failed: Only part of a ReadProcessMemory or WriteProcessMemory request was completed. (0x12B)
[0607/164548.073:WARNING:pe_image_reader.cc(340)] could not read dos header from C:\WINDOWS\System32\WS2_32.dll
[0607/164548.073:ERROR:process_memory_win.cc(73)] ReadMemory at 0x7ffc9d790000 of 64 bytes failed: Only part of a ReadProcessMemory or WriteProcessMemory request was completed. (0x12B)
[0607/164548.073:WARNING:pe_image_reader.cc(340)] could not read dos header from C:\WINDOWS\System32\OLEAUT32.dll
[0607/164548.073:ERROR:process_memory_win.cc(73)] ReadMemory at 0x7ffc9a9b0000 of 64 bytes failed: Only part of a ReadProcessMemory or WriteProcessMemory request was completed. (0x12B)
[0607/164548.073:WARNING:pe_image_reader.cc(340)] could not read dos header from C:\WINDOWS\System32\msvcp_win.dll
[0607/164548.073:ERROR:process_memory_win.cc(73)] ReadMemory at 0x7ffc9abd0000 of 64 bytes failed: Only part of a ReadProcessMemory or WriteProcessMemory request was completed. (0x12B)
[0607/164548.073:WARNING:pe_image_reader.cc(340)] could not read dos header from C:\WINDOWS\System32\ucrtbase.dll
[0607/164548.073:ERROR:process_memory_win.cc(73)] ReadMemory at 0x7ffc9d290000 of 64 bytes failed: Only part of a ReadProcessMemory or WriteProcessMemory request was completed. (0x12B)
[0607/164548.073:WARNING:pe_image_reader.cc(340)] could not read dos header from C:\WINDOWS\System32\combase.dll
[0607/164548.073:ERROR:process_memory_win.cc(73)] ReadMemory at 0x7ffc9a950000 of 64 bytes failed: Only part of a ReadProcessMemory or WriteProcessMemory request was completed. (0x12B)
[0607/164548.073:WARNING:pe_image_reader.cc(340)] could not read dos header from C:\WINDOWS\System32\WINTRUST.dll
[0607/164548.073:ERROR:process_memory_win.cc(73)] ReadMemory at 0x7ffc9a8e0000 of 64 bytes failed: Only part of a ReadProcessMemory or WriteProcessMemory request was completed. (0x12B)
[0607/164548.073:WARNING:pe_image_reader.cc(340)] could not read dos header from C:\WINDOWS\System32\MSASN1.dll
[0607/164548.073:ERROR:process_memory_win.cc(73)] ReadMemory at 0x7ffc9aa80000 of 64 bytes failed: Only part of a ReadProcessMemory or WriteProcessMemory request was completed. (0x12B)
[0607/164548.073:WARNING:pe_image_reader.cc(340)] could not read dos header from C:\WINDOWS\System32\CRYPT32.dll
[0607/164548.073:ERROR:process_memory_win.cc(73)] ReadMemory at 0x7ffc99780000 of 64 bytes failed: Only part of a ReadProcessMemory or WriteProcessMemory request was completed. (0x12B)
[0607/164548.074:WARNING:pe_image_reader.cc(340)] could not read dos header from C:\WINDOWS\SYSTEM32\IPHLPAPI.DLL
[0607/164548.074:ERROR:process_memory_win.cc(73)] ReadMemory at 0x7ffc96e50000 of 64 bytes failed: Only part of a ReadProcessMemory or WriteProcessMemory request was completed. (0x12B)
[0607/164548.074:WARNING:pe_image_reader.cc(340)] could not read dos header from C:\WINDOWS\SYSTEM32\WINMM.dll
[0607/164548.074:ERROR:process_memory_win.cc(73)] ReadMemory at 0x7ffc841c0000 of 64 bytes failed: Only part of a ReadProcessMemory or WriteProcessMemory request was completed. (0x12B)
[0607/164548.074:WARNING:pe_image_reader.cc(340)] could not read dos header from C:\WINDOWS\SYSTEM32\Secur32.dll
[0607/164548.074:ERROR:process_memory_win.cc(73)] ReadMemory at 0x7ffc9a7a0000 of 64 bytes failed: Only part of a ReadProcessMemory or WriteProcessMemory request was completed. (0x12B)
[0607/164548.074:WARNING:pe_image_reader.cc(340)] could not read dos header from C:\WINDOWS\SYSTEM32\USERENV.dll
[0607/164548.074:ERROR:process_memory_win.cc(73)] ReadMemory at 0x7ffc9a8b0000 of 64 bytes failed: Only part of a ReadProcessMemory or WriteProcessMemory request was completed. (0x12B)
[0607/164548.074:WARNING:pe_image_reader.cc(340)] could not read dos header from C:\WINDOWS\System32\profapi.dll
[0607/164548.074:ERROR:process_memory_win.cc(73)] ReadMemory at 0x7ffc7bd90000 of 64 bytes failed: Only part of a ReadProcessMemory or WriteProcessMemory request was completed. (0x12B)
[0607/164548.074:WARNING:pe_image_reader.cc(340)] could not read dos header from C:\WINDOWS\SYSTEM32\UIAutomationCore.DLL
[0607/164548.074:ERROR:process_memory_win.cc(73)] ReadMemory at 0x7ffc92250000 of 64 bytes failed: Only part of a ReadProcessMemory or WriteProcessMemory request was completed. (0x12B)
[0607/164548.074:WARNING:pe_image_reader.cc(340)] could not read dos header from C:\WINDOWS\SYSTEM32\DWrite.dll
[0607/164548.074:ERROR:process_memory_win.cc(73)] ReadMemory at 0x7ffc7d6e0000 of 64 bytes failed: Only part of a ReadProcessMemory or WriteProcessMemory request was completed. (0x12B)
[0607/164548.074:WARNING:pe_image_reader.cc(340)] could not read dos header from C:\WINDOWS\SYSTEM32\WINSPOOL.DRV
[0607/164548.074:ERROR:process_memory_win.cc(73)] ReadMemory at 0x7ffc9a890000 of 64 bytes failed: Only part of a ReadProcessMemory or WriteProcessMemory request was completed. (0x12B)
[0607/164548.074:WARNING:pe_image_reader.cc(340)] could not read dos header from C:\WINDOWS\System32\kernel.appcore.dll
[0607/164548.074:ERROR:process_memory_win.cc(73)] ReadMemory at 0x7ffc9b750000 of 64 bytes failed: Only part of a ReadProcessMemory or WriteProcessMemory request was completed. (0x12B)
[0607/164548.074:WARNING:pe_image_reader.cc(340)] could not read dos header from C:\WINDOWS\System32\bcrypt.dll
[0607/164548.074:ERROR:process_memory_win.cc(73)] ReadMemory at 0x7ffc9a200000 of 64 bytes failed: Only part of a ReadProcessMemory or WriteProcessMemory request was completed. (0x12B)
[0607/164548.075:WARNING:pe_image_reader.cc(340)] could not read dos header from C:\WINDOWS\SYSTEM32\dbghelp.dll
[0607/164548.075:ERROR:process_memory_win.cc(73)] ReadMemory at 0x7ffc87000000 of 64 bytes failed: Only part of a ReadProcessMemory or WriteProcessMemory request was completed. (0x12B)
[0607/164548.075:WARNING:pe_image_reader.cc(340)] could not read dos header from C:\WINDOWS\SYSTEM32\WINHTTP.dll
[0607/164548.076:ERROR:process_memory_win.cc(73)] ReadMemory at 0x7ffc94100000 of 64 bytes failed: Only part of a ReadProcessMemory or WriteProcessMemory request was completed. (0x12B)
[0607/164548.076:WARNING:pe_image_reader.cc(340)] could not read dos header from C:\WINDOWS\SYSTEM32\dhcpcsvc.DLL
[0607/164548.076:ERROR:process_memory_win.cc(73)] ReadMemory at 0x7ffc9d780000 of 64 bytes failed: Only part of a ReadProcessMemory or WriteProcessMemory request was completed. (0x12B)
[0607/164548.076:WARNING:pe_image_reader.cc(340)] could not read dos header from C:\WINDOWS\System32\NSI.dll
[0607/164548.076:ERROR:process_memory_win.cc(73)] ReadMemory at 0x7ffc96e20000 of 64 bytes failed: Only part of a ReadProcessMemory or WriteProcessMemory request was completed. (0x12B)
[0607/164548.076:WARNING:pe_image_reader.cc(340)] could not read dos header from C:\WINDOWS\SYSTEM32\WINMMBASE.dll
[0607/164548.076:ERROR:process_memory_win.cc(73)] ReadMemory at 0x7ffc9b700000 of 64 bytes failed: Only part of a ReadProcessMemory or WriteProcessMemory request was completed. (0x12B)
[0607/164548.077:WARNING:pe_image_reader.cc(340)] could not read dos header from C:\WINDOWS\System32\cfgmgr32.dll
[0607/164548.078:ERROR:process_memory_win.cc(73)] ReadMemory at 0x7ffc98ca0000 of 64 bytes failed: Only part of a ReadProcessMemory or WriteProcessMemory request was completed. (0x12B)
[0607/164548.078:WARNING:pe_image_reader.cc(340)] could not read dos header from C:\WINDOWS\SYSTEM32\PROPSYS.dll
[0607/164548.078:ERROR:process_memory_win.cc(73)] ReadMemory at 0x7ffc9d5d0000 of 64 bytes failed: Only part of a ReadProcessMemory or WriteProcessMemory request was completed. (0x12B)
[0607/164548.078:WARNING:pe_image_reader.cc(340)] could not read dos header from C:\WINDOWS\System32\shcore.dll
[0607/164548.078:ERROR:process_memory_win.cc(73)] ReadMemory at 0x7ffc9a770000 of 64 bytes failed: Only part of a ReadProcessMemory or WriteProcessMemory request was completed. (0x12B)
[0607/164548.078:WARNING:pe_image_reader.cc(340)] could not read dos header from C:\WINDOWS\SYSTEM32\SSPICLI.DLL
[0607/164548.078:ERROR:process_memory_win.cc(73)] ReadMemory at 0x7ffc9be80000 of 64 bytes failed: Only part of a ReadProcessMemory or WriteProcessMemory request was completed. (0x12B)
[0607/164548.078:WARNING:pe_image_reader.cc(340)] could not read dos header from C:\WINDOWS\System32\SHELL32.dll
[0607/164548.078:ERROR:process_memory_win.cc(73)] ReadMemory at 0x7ffc9acd0000 of 64 bytes failed: Only part of a ReadProcessMemory or WriteProcessMemory request was completed. (0x12B)
[0607/164548.078:WARNING:pe_image_reader.cc(340)] could not read dos header from C:\WINDOWS\System32\windows.storage.dll
[0607/164548.078:ERROR:process_memory_win.cc(73)] ReadMemory at 0x7ffc9a900000 of 64 bytes failed: Only part of a ReadProcessMemory or WriteProcessMemory request was completed. (0x12B)
[0607/164548.078:WARNING:pe_image_reader.cc(340)] could not read dos header from C:\WINDOWS\System32\powrprof.dll
[0607/164548.078:ERROR:process_memory_win.cc(73)] ReadMemory at 0x7ffc9a880000 of 64 bytes failed: Only part of a ReadProcessMemory or WriteProcessMemory request was completed. (0x12B)
[0607/164548.078:WARNING:pe_image_reader.cc(340)] could not read dos header from C:\WINDOWS\System32\UMPDC.dll
[0607/164548.078:ERROR:process_memory_win.cc(73)] ReadMemory at 0x7ffc9bd70000 of 64 bytes failed: Only part of a ReadProcessMemory or WriteProcessMemory request was completed. (0x12B)
[0607/164548.078:WARNING:pe_image_reader.cc(340)] could not read dos header from C:\WINDOWS\System32\shlwapi.dll
[0607/164548.078:ERROR:process_memory_win.cc(73)] ReadMemory at 0x7ffc9d750000 of 64 bytes failed: Only part of a ReadProcessMemory or WriteProcessMemory request was completed. (0x12B)
[0607/164548.078:WARNING:pe_image_reader.cc(340)] could not read dos header from C:\WINDOWS\System32\GDI32.dll
[0607/164548.078:ERROR:process_memory_win.cc(73)] ReadMemory at 0x7ffc9aa50000 of 64 bytes failed: Only part of a ReadProcessMemory or WriteProcessMemory request was completed. (0x12B)
[0607/164548.078:WARNING:pe_image_reader.cc(340)] could not read dos header from C:\WINDOWS\System32\win32u.dll
[0607/164548.078:ERROR:process_memory_win.cc(73)] ReadMemory at 0x7ffc9b8d0000 of 64 bytes failed: Only part of a ReadProcessMemory or WriteProcessMemory request was completed. (0x12B)
[0607/164548.078:WARNING:pe_image_reader.cc(340)] could not read dos header from C:\WINDOWS\System32\gdi32full.dll
[0607/164548.078:ERROR:process_memory_win.cc(73)] ReadMemory at 0x7ffc9c9e0000 of 64 bytes failed: Only part of a ReadProcessMemory or WriteProcessMemory request was completed. (0x12B)
[0607/164548.078:WARNING:pe_image_reader.cc(340)] could not read dos header from C:\WINDOWS\System32\USER32.dll
[0607/164548.078:ERROR:process_memory_win.cc(73)] ReadMemory at 0x7ffc9b830000 of 64 bytes failed: Only part of a ReadProcessMemory or WriteProcessMemory request was completed. (0x12B)
[0607/164548.078:WARNING:pe_image_reader.cc(340)] could not read dos header from C:\WINDOWS\System32\cryptsp.dll
[0607/164548.078:ERROR:process_memory_win.cc(73)] ReadMemory at 0x7ffc9d0a0000 of 64 bytes failed: Only part of a ReadProcessMemory or WriteProcessMemory request was completed. (0x12B)
[0607/164548.078:WARNING:pe_image_reader.cc(340)] could not read dos header from C:\WINDOWS\System32\IMM32.DLL
[0607/164548.078:ERROR:process_memory_win.cc(73)] ReadMemory at 0x7ffc99c60000 of 64 bytes failed: Only part of a ReadProcessMemory or WriteProcessMemory request was completed. (0x12B)
[0607/164548.078:WARNING:pe_image_reader.cc(340)] could not read dos header from C:\WINDOWS\SYSTEM32\CRYPTBASE.DLL
[0607/164548.078:ERROR:process_memory_win.cc(73)] ReadMemory at 0x7ffc96340000 of 64 bytes failed: Only part of a ReadProcessMemory or WriteProcessMemory request was completed. (0x12B)
[0607/164548.078:WARNING:pe_image_reader.cc(340)] could not read dos header from C:\WINDOWS\system32\NLAapi.dll
[0607/164548.078:ERROR:process_memory_win.cc(73)] ReadMemory at 0x7ffc940c0000 of 64 bytes failed: Only part of a ReadProcessMemory or WriteProcessMemory request was completed. (0x12B)
[0607/164548.078:WARNING:pe_image_reader.cc(340)] could not read dos header from C:\WINDOWS\SYSTEM32\dhcpcsvc6.DLL
[0607/164548.078:ERROR:process_memory_win.cc(73)] ReadMemory at 0x7ffc997c0000 of 64 bytes failed: Only part of a ReadProcessMemory or WriteProcessMemory request was completed. (0x12B)
[0607/164548.078:WARNING:pe_image_reader.cc(340)] could not read dos header from C:\WINDOWS\SYSTEM32\DNSAPI.dll
[0607/164548.078:ERROR:process_memory_win.cc(73)] ReadMemory at 0x7ffc93150000 of 64 bytes failed: Only part of a ReadProcessMemory or WriteProcessMemory request was completed. (0x12B)
[0607/164548.078:WARNING:pe_image_reader.cc(340)] could not read dos header from C:\WINDOWS\SYSTEM32\wlanapi.dll
[0607/164548.078:ERROR:process_memory_win.cc(73)] ReadMemory at 0x7ffc99a70000 of 64 bytes failed: Only part of a ReadProcessMemory or WriteProcessMemory request was completed. (0x12B)
[0607/164548.078:WARNING:pe_image_reader.cc(340)] could not read dos header from C:\WINDOWS\system32\mswsock.dll
[0607/164548.079:ERROR:process_memory_win.cc(73)] ReadMemory at 0x7ffc95280000 of 64 bytes failed: Only part of a ReadProcessMemory or WriteProcessMemory request was completed. (0x12B)
[0607/164548.079:WARNING:pe_image_reader.cc(340)] could not read dos header from C:\Windows\System32\rasadhlp.dll
[0607/164548.079:ERROR:process_memory_win.cc(73)] ReadMemory at 0x7ffc93a30000 of 64 bytes failed: Only part of a ReadProcessMemory or WriteProcessMemory request was completed. (0x12B)
[0607/164548.079:WARNING:pe_image_reader.cc(340)] could not read dos header from C:\WINDOWS\System32\fwpuclnt.dll
[0607/164548.079:ERROR:process_memory_win.cc(73)] ReadMemory at 0x7ffc99580000 of 64 bytes failed: Only part of a ReadProcessMemory or WriteProcessMemory request was completed. (0x12B)
[0607/164548.079:WARNING:pe_image_reader.cc(340)] could not read dos header from C:\WINDOWS\system32\rsaenh.dll
[0607/164548.079:ERROR:process_memory_win.cc(73)] ReadMemory at 0x7ffc98e10000 of 64 bytes failed: Only part of a ReadProcessMemory or WriteProcessMemory request was completed. (0x12B)
[0607/164548.079:WARNING:pe_image_reader.cc(340)] could not read dos header from C:\WINDOWS\SYSTEM32\gpapi.dll
[0607/164548.079:ERROR:process_memory_win.cc(73)] ReadMemory at 0x7ffc870f0000 of 64 bytes failed: Only part of a ReadProcessMemory or WriteProcessMemory request was completed. (0x12B)
[0607/164548.079:WARNING:pe_image_reader.cc(340)] could not read dos header from C:\Windows\System32\cryptnet.dll
[0607/164548.079:ERROR:process_memory_win.cc(73)] ReadMemory at 0x7ff61d220000 of 64 bytes failed: Only part of a ReadProcessMemory or WriteProcessMemory request was completed. (0x12B)
[0607/164548.079:WARNING:pe_image_reader.cc(340)] could not read dos header from C:\Program Files (x86)\Google\Chrome\Application\chrome.exe
[0607/164548.079:ERROR:process_memory_win.cc(73)] ReadMemory at 0x7ffc9d9c0000 of 64 bytes failed: Only part of a ReadProcessMemory or WriteProcessMemory request was completed. (0x12B)
[0607/164548.079:WARNING:pe_image_reader.cc(340)] could not read dos header from C:\WINDOWS\SYSTEM32\ntdll.dll
[0607/164548.079:ERROR:process_memory_win.cc(73)] ReadMemory at 0x7ffc9cb80000 of 64 bytes failed: Only part of a ReadProcessMemory or WriteProcessMemory request was completed. (0x12B)
[0607/164548.079:WARNING:pe_image_reader.cc(340)] could not read dos header from C:\WINDOWS\System32\KERNEL32.DLL
[0607/164548.079:ERROR:process_memory_win.cc(73)] ReadMemory at 0x7ffc9b450000 of 64 bytes failed: Only part of a ReadProcessMemory or WriteProcessMemory request was completed. (0x12B)
[0607/164548.079:WARNING:pe_image_reader.cc(340)] could not read dos header from C:\WINDOWS\System32\KERNELBASE.dll
[0607/164548.080:ERROR:process_memory_win.cc(73)] ReadMemory at 0x7ffc5e940000 of 64 bytes failed: Only part of a ReadProcessMemory or WriteProcessMemory request was completed. (0x12B)
[0607/164548.080:WARNING:pe_image_reader.cc(340)] could not read dos header from C:\Program Files (x86)\Google\Chrome\Application\83.0.4103.97\chrome_elf.dll
[0607/164548.080:ERROR:process_memory_win.cc(73)] ReadMemory at 0x7ffc8dd40000 of 64 bytes failed: Only part of a ReadProcessMemory or WriteProcessMemory request was completed. (0x12B)
[0607/164548.080:WARNING:pe_image_reader.cc(340)] could not read dos header from C:\WINDOWS\SYSTEM32\VERSION.dll
[0607/164548.080:ERROR:process_memory_win.cc(73)] ReadMemory at 0x7ffc9d8e0000 of 64 bytes failed: Only part of a ReadProcessMemory or WriteProcessMemory request was completed. (0x12B)
[0607/164548.080:WARNING:pe_image_reader.cc(340)] could not read dos header from C:\WINDOWS\System32\msvcrt.dll
[0607/164548.080:ERROR:process_memory_win.cc(73)] ReadMemory at 0x7ffc9b850000 of 64 bytes failed: Only part of a ReadProcessMemory or WriteProcessMemory request was completed. (0x12B)
[0607/164548.080:WARNING:pe_image_reader.cc(340)] could not read dos header from C:\WINDOWS\System32\bcryptPrimitives.dll
[0607/164548.080:ERROR:process_memory_win.cc(73)] ReadMemory at 0x7ffc9d6a0000 of 64 bytes failed: Only part of a ReadProcessMemory or WriteProcessMemory request was completed. (0x12B)
[0607/164548.080:WARNING:pe_image_reader.cc(340)] could not read dos header from C:\WINDOWS\System32\ADVAPI32.dll
[0607/164548.080:ERROR:process_memory_win.cc(73)] ReadMemory at 0x7ffc9cf90000 of 64 bytes failed: Only part of a ReadProcessMemory or WriteProcessMemory request was completed. (0x12B)
[0607/164548.080:WARNING:pe_image_reader.cc(340)] could not read dos header from C:\WINDOWS\System32\sechost.dll
[0607/164548.080:ERROR:process_memory_win.cc(73)] ReadMemory at 0x7ffc9ce70000 of 64 bytes failed: Only part of a ReadProcessMemory or WriteProcessMemory request was completed. (0x12B)
[0607/164548.080:WARNING:pe_image_reader.cc(340)] could not read dos header from C:\WINDOWS\System32\RPCRT4.dll
[0607/164548.080:ERROR:process_memory_win.cc(73)] ReadMemory at 0x7ffc26c70000 of 64 bytes failed: Only part of a ReadProcessMemory or WriteProcessMemory request was completed. (0x12B)
[0607/164548.080:WARNING:pe_image_reader.cc(340)] could not read dos header from C:\Program Files (x86)\Google\Chrome\Application\83.0.4103.97\chrome.dll
[0607/164548.080:ERROR:process_memory_win.cc(73)] ReadMemory at 0x7ffc9d030000 of 64 bytes failed: Only part of a ReadProcessMemory or WriteProcessMemory request was completed. (0x12B)
[0607/164548.080:WARNING:pe_image_reader.cc(340)] could not read dos header from C:\WINDOWS\System32\WS2_32.dll
[0607/164548.080:ERROR:process_memory_win.cc(73)] ReadMemory at 0x7ffc9d790000 of 64 bytes failed: Only part of a ReadProcessMemory or WriteProcessMemory request was completed. (0x12B)
[0607/164548.080:WARNING:pe_image_reader.cc(340)] could not read dos header from C:\WINDOWS\System32\OLEAUT32.dll
[0607/164548.080:ERROR:process_memory_win.cc(73)] ReadMemory at 0x7ffc9a9b0000 of 64 bytes failed: Only part of a ReadProcessMemory or WriteProcessMemory request was completed. (0x12B)
[0607/164548.080:WARNING:pe_image_reader.cc(340)] could not read dos header from C:\WINDOWS\System32\msvcp_win.dll
[0607/164548.081:ERROR:process_memory_win.cc(73)] ReadMemory at 0x7ffc9abd0000 of 64 bytes failed: Only part of a ReadProcessMemory or WriteProcessMemory request was completed. (0x12B)
[0607/164548.081:WARNING:pe_image_reader.cc(340)] could not read dos header from C:\WINDOWS\System32\ucrtbase.dll
[0607/164548.081:ERROR:process_memory_win.cc(73)] ReadMemory at 0x7ffc9d290000 of 64 bytes failed: Only part of a ReadProcessMemory or WriteProcessMemory request was completed. (0x12B)
[0607/164548.081:WARNING:pe_image_reader.cc(340)] could not read dos header from C:\WINDOWS\System32\combase.dll
[0607/164548.081:ERROR:process_memory_win.cc(73)] ReadMemory at 0x7ffc9a950000 of 64 bytes failed: Only part of a ReadProcessMemory or WriteProcessMemory request was completed. (0x12B)
[0607/164548.081:WARNING:pe_image_reader.cc(340)] could not read dos header from C:\WINDOWS\System32\WINTRUST.dll
[0607/164548.081:ERROR:process_memory_win.cc(73)] ReadMemory at 0x7ffc9a8e0000 of 64 bytes failed: Only part of a ReadProcessMemory or WriteProcessMemory request was completed. (0x12B)
[0607/164548.081:WARNING:pe_image_reader.cc(340)] could not read dos header from C:\WINDOWS\System32\MSASN1.dll
[0607/164548.081:ERROR:process_memory_win.cc(73)] ReadMemory at 0x7ffc9aa80000 of 64 bytes failed: Only part of a ReadProcessMemory or WriteProcessMemory request was completed. (0x12B)
[0607/164548.081:WARNING:pe_image_reader.cc(340)] could not read dos header from C:\WINDOWS\System32\CRYPT32.dll
[0607/164548.081:ERROR:process_memory_win.cc(73)] ReadMemory at 0x7ffc99780000 of 64 bytes failed: Only part of a ReadProcessMemory or WriteProcessMemory request was completed. (0x12B)
[0607/164548.081:WARNING:pe_image_reader.cc(340)] could not read dos header from C:\WINDOWS\SYSTEM32\IPHLPAPI.DLL
[0607/164548.081:ERROR:process_memory_win.cc(73)] ReadMemory at 0x7ffc96e50000 of 64 bytes failed: Only part of a ReadProcessMemory or WriteProcessMemory request was completed. (0x12B)
[0607/164548.081:WARNING:pe_image_reader.cc(340)] could not read dos header from C:\WINDOWS\SYSTEM32\WINMM.dll
[0607/164548.081:ERROR:process_memory_win.cc(73)] ReadMemory at 0x7ffc841c0000 of 64 bytes failed: Only part of a ReadProcessMemory or WriteProcessMemory request was completed. (0x12B)
[0607/164548.081:WARNING:pe_image_reader.cc(340)] could not read dos header from C:\WINDOWS\SYSTEM32\Secur32.dll
[0607/164548.081:ERROR:process_memory_win.cc(73)] ReadMemory at 0x7ffc9a7a0000 of 64 bytes failed: Only part of a ReadProcessMemory or WriteProcessMemory request was completed. (0x12B)
[0607/164548.081:WARNING:pe_image_reader.cc(340)] could not read dos header from C:\WINDOWS\SYSTEM32\USERENV.dll
[0607/164548.081:ERROR:process_memory_win.cc(73)] ReadMemory at 0x7ffc9a8b0000 of 64 bytes failed: Only part of a ReadProcessMemory or WriteProcessMemory request was completed. (0x12B)
[0607/164548.081:WARNING:pe_image_reader.cc(340)] could not read dos header from C:\WINDOWS\System32\profapi.dll
[0607/164548.082:ERROR:process_memory_win.cc(73)] ReadMemory at 0x7ffc7bd90000 of 64 bytes failed: Only part of a ReadProcessMemory or WriteProcessMemory request was completed. (0x12B)
[0607/164548.082:WARNING:pe_image_reader.cc(340)] could not read dos header from C:\WINDOWS\SYSTEM32\UIAutomationCore.DLL
[0607/164548.082:ERROR:process_memory_win.cc(73)] ReadMemory at 0x7ffc92250000 of 64 bytes failed: Only part of a ReadProcessMemory or WriteProcessMemory request was completed. (0x12B)
[0607/164548.082:WARNING:pe_image_reader.cc(340)] could not read dos header from C:\WINDOWS\SYSTEM32\DWrite.dll
[0607/164548.082:ERROR:process_memory_win.cc(73)] ReadMemory at 0x7ffc7d6e0000 of 64 bytes failed: Only part of a ReadProcessMemory or WriteProcessMemory request was completed. (0x12B)
[0607/164548.082:WARNING:pe_image_reader.cc(340)] could not read dos header from C:\WINDOWS\SYSTEM32\WINSPOOL.DRV
[0607/164548.082:ERROR:process_memory_win.cc(73)] ReadMemory at 0x7ffc9a890000 of 64 bytes failed: Only part of a ReadProcessMemory or WriteProcessMemory request was completed. (0x12B)
[0607/164548.082:WARNING:pe_image_reader.cc(340)] could not read dos header from C:\WINDOWS\System32\kernel.appcore.dll
[0607/164548.082:ERROR:process_memory_win.cc(73)] ReadMemory at 0x7ffc9b750000 of 64 bytes failed: Only part of a ReadProcessMemory or WriteProcessMemory request was completed. (0x12B)
[0607/164548.082:WARNING:pe_image_reader.cc(340)] could not read dos header from C:\WINDOWS\System32\bcrypt.dll
[0607/164548.082:ERROR:process_memory_win.cc(73)] ReadMemory at 0x7ffc9a200000 of 64 bytes failed: Only part of a ReadProcessMemory or WriteProcessMemory request was completed. (0x12B)
[0607/164548.082:WARNING:pe_image_reader.cc(340)] could not read dos header from C:\WINDOWS\SYSTEM32\dbghelp.dll
[0607/164548.082:ERROR:process_memory_win.cc(73)] ReadMemory at 0x7ffc87000000 of 64 bytes failed: Only part of a ReadProcessMemory or WriteProcessMemory request was completed. (0x12B)
[0607/164548.082:WARNING:pe_image_reader.cc(340)] could not read dos header from C:\WINDOWS\SYSTEM32\WINHTTP.dll
[0607/164548.082:ERROR:process_memory_win.cc(73)] ReadMemory at 0x7ffc94100000 of 64 bytes failed: Only part of a ReadProcessMemory or WriteProcessMemory request was completed. (0x12B)
[0607/164548.082:WARNING:pe_image_reader.cc(340)] could not read dos header from C:\WINDOWS\SYSTEM32\dhcpcsvc.DLL
[0607/164548.082:ERROR:process_memory_win.cc(73)] ReadMemory at 0x7ffc9d780000 of 64 bytes failed: Only part of a ReadProcessMemory or WriteProcessMemory request was completed. (0x12B)
[0607/164548.082:WARNING:pe_image_reader.cc(340)] could not read dos header from C:\WINDOWS\System32\NSI.dll
[0607/164548.082:ERROR:process_memory_win.cc(73)] ReadMemory at 0x7ffc96e20000 of 64 bytes failed: Only part of a ReadProcessMemory or WriteProcessMemory request was completed. (0x12B)
[0607/164548.082:WARNING:pe_image_reader.cc(340)] could not read dos header from C:\WINDOWS\SYSTEM32\WINMMBASE.dll
[0607/164548.083:ERROR:process_memory_win.cc(73)] ReadMemory at 0x7ffc9b700000 of 64 bytes failed: Only part of a ReadProcessMemory or WriteProcessMemory request was completed. (0x12B)
[0607/164548.083:WARNING:pe_image_reader.cc(340)] could not read dos header from C:\WINDOWS\System32\cfgmgr32.dll
[0607/164548.083:ERROR:process_memory_win.cc(73)] ReadMemory at 0x7ffc98ca0000 of 64 bytes failed: Only part of a ReadProcessMemory or WriteProcessMemory request was completed. (0x12B)
[0607/164548.083:WARNING:pe_image_reader.cc(340)] could not read dos header from C:\WINDOWS\SYSTEM32\PROPSYS.dll
[0607/164548.083:ERROR:process_memory_win.cc(73)] ReadMemory at 0x7ffc9d5d0000 of 64 bytes failed: Only part of a ReadProcessMemory or WriteProcessMemory request was completed. (0x12B)
[0607/164548.083:WARNING:pe_image_reader.cc(340)] could not read dos header from C:\WINDOWS\System32\shcore.dll
[0607/164548.083:ERROR:process_memory_win.cc(73)] ReadMemory at 0x7ffc9a770000 of 64 bytes failed: Only part of a ReadProcessMemory or WriteProcessMemory request was completed. (0x12B)
[0607/164548.083:WARNING:pe_image_reader.cc(340)] could not read dos header from C:\WINDOWS\SYSTEM32\SSPICLI.DLL
[0607/164548.083:ERROR:process_memory_win.cc(73)] ReadMemory at 0x7ffc9be80000 of 64 bytes failed: Only part of a ReadProcessMemory or WriteProcessMemory request was completed. (0x12B)
[0607/164548.083:WARNING:pe_image_reader.cc(340)] could not read dos header from C:\WINDOWS\System32\SHELL32.dll
[0607/164548.083:ERROR:process_memory_win.cc(73)] ReadMemory at 0x7ffc9acd0000 of 64 bytes failed: Only part of a ReadProcessMemory or WriteProcessMemory request was completed. (0x12B)
[0607/164548.083:WARNING:pe_image_reader.cc(340)] could not read dos header from C:\WINDOWS\System32\windows.storage.dll
[0607/164548.083:ERROR:process_memory_win.cc(73)] ReadMemory at 0x7ffc9a900000 of 64 bytes failed: Only part of a ReadProcessMemory or WriteProcessMemory request was completed. (0x12B)
[0607/164548.083:WARNING:pe_image_reader.cc(340)] could not read dos header from C:\WINDOWS\System32\powrprof.dll
[0607/164548.083:ERROR:process_memory_win.cc(73)] ReadMemory at 0x7ffc9a880000 of 64 bytes failed: Only part of a ReadProcessMemory or WriteProcessMemory request was completed. (0x12B)
[0607/164548.083:WARNING:pe_image_reader.cc(340)] could not read dos header from C:\WINDOWS\System32\UMPDC.dll
[0607/164548.083:ERROR:process_memory_win.cc(73)] ReadMemory at 0x7ffc9bd70000 of 64 bytes failed: Only part of a ReadProcessMemory or WriteProcessMemory request was completed. (0x12B)
[0607/164548.083:WARNING:pe_image_reader.cc(340)] could not read dos header from C:\WINDOWS\System32\shlwapi.dll
[0607/164548.083:ERROR:process_memory_win.cc(73)] ReadMemory at 0x7ffc9d750000 of 64 bytes failed: Only part of a ReadProcessMemory or WriteProcessMemory request was completed. (0x12B)
[0607/164548.083:WARNING:pe_image_reader.cc(340)] could not read dos header from C:\WINDOWS\System32\GDI32.dll
[0607/164548.083:ERROR:process_memory_win.cc(73)] ReadMemory at 0x7ffc9aa50000 of 64 bytes failed: Only part of a ReadProcessMemory or WriteProcessMemory request was completed. (0x12B)
[0607/164548.083:WARNING:pe_image_reader.cc(340)] could not read dos header from C:\WINDOWS\System32\win32u.dll
[0607/164548.084:ERROR:process_memory_win.cc(73)] ReadMemory at 0x7ffc9b8d0000 of 64 bytes failed: Only part of a ReadProcessMemory or WriteProcessMemory request was completed. (0x12B)
[0607/164548.084:WARNING:pe_image_reader.cc(340)] could not read dos header from C:\WINDOWS\System32\gdi32full.dll
[0607/164548.084:ERROR:process_memory_win.cc(73)] ReadMemory at 0x7ffc9c9e0000 of 64 bytes failed: Only part of a ReadProcessMemory or WriteProcessMemory request was completed. (0x12B)
[0607/164548.084:WARNING:pe_image_reader.cc(340)] could not read dos header from C:\WINDOWS\System32\USER32.dll
[0607/164548.084:ERROR:process_memory_win.cc(73)] ReadMemory at 0x7ffc9b830000 of 64 bytes failed: Only part of a ReadProcessMemory or WriteProcessMemory request was completed. (0x12B)
[0607/164548.084:WARNING:pe_image_reader.cc(340)] could not read dos header from C:\WINDOWS\System32\cryptsp.dll
[0607/164548.084:ERROR:process_memory_win.cc(73)] ReadMemory at 0x7ffc9d0a0000 of 64 bytes failed: Only part of a ReadProcessMemory or WriteProcessMemory request was completed. (0x12B)
[0607/164548.084:WARNING:pe_image_reader.cc(340)] could not read dos header from C:\WINDOWS\System32\IMM32.DLL
[0607/164548.084:ERROR:process_memory_win.cc(73)] ReadMemory at 0x7ffc99c60000 of 64 bytes failed: Only part of a ReadProcessMemory or WriteProcessMemory request was completed. (0x12B)
[0607/164548.084:WARNING:pe_image_reader.cc(340)] could not read dos header from C:\WINDOWS\SYSTEM32\CRYPTBASE.DLL
[0607/164548.084:ERROR:process_memory_win.cc(73)] ReadMemory at 0x7ffc96340000 of 64 bytes failed: Only part of a ReadProcessMemory or WriteProcessMemory request was completed. (0x12B)
[0607/164548.084:WARNING:pe_image_reader.cc(340)] could not read dos header from C:\WINDOWS\system32\NLAapi.dll
[0607/164548.084:ERROR:process_memory_win.cc(73)] ReadMemory at 0x7ffc940c0000 of 64 bytes failed: Only part of a ReadProcessMemory or WriteProcessMemory request was completed. (0x12B)
[0607/164548.084:WARNING:pe_image_reader.cc(340)] could not read dos header from C:\WINDOWS\SYSTEM32\dhcpcsvc6.DLL
[0607/164548.084:ERROR:process_memory_win.cc(73)] ReadMemory at 0x7ffc997c0000 of 64 bytes failed: Only part of a ReadProcessMemory or WriteProcessMemory request was completed. (0x12B)
[0607/164548.084:WARNING:pe_image_reader.cc(340)] could not read dos header from C:\WINDOWS\SYSTEM32\DNSAPI.dll
[0607/164548.084:ERROR:process_memory_win.cc(73)] ReadMemory at 0x7ffc93150000 of 64 bytes failed: Only part of a ReadProcessMemory or WriteProcessMemory request was completed. (0x12B)
[0607/164548.084:WARNING:pe_image_reader.cc(340)] could not read dos header from C:\WINDOWS\SYSTEM32\wlanapi.dll
[0607/164548.084:ERROR:process_memory_win.cc(73)] ReadMemory at 0x7ffc99a70000 of 64 bytes failed: Only part of a ReadProcessMemory or WriteProcessMemory request was completed. (0x12B)
[0607/164548.085:WARNING:pe_image_reader.cc(340)] could not read dos header from C:\WINDOWS\system32\mswsock.dll
[0607/164548.085:ERROR:process_memory_win.cc(73)] ReadMemory at 0x7ffc95280000 of 64 bytes failed: Only part of a ReadProcessMemory or WriteProcessMemory request was completed. (0x12B)
[0607/164548.085:WARNING:pe_image_reader.cc(340)] could not read dos header from C:\Windows\System32\rasadhlp.dll
[0607/164548.085:ERROR:process_memory_win.cc(73)] ReadMemory at 0x7ffc93a30000 of 64 bytes failed: Only part of a ReadProcessMemory or WriteProcessMemory request was completed. (0x12B)
[0607/164548.085:WARNING:pe_image_reader.cc(340)] could not read dos header from C:\WINDOWS\System32\fwpuclnt.dll
[0607/164548.085:ERROR:process_memory_win.cc(73)] ReadMemory at 0x7ffc99580000 of 64 bytes failed: Only part of a ReadProcessMemory or WriteProcessMemory request was completed. (0x12B)
[0607/164548.085:WARNING:pe_image_reader.cc(340)] could not read dos header from C:\WINDOWS\system32\rsaenh.dll
[0607/164548.085:ERROR:process_memory_win.cc(73)] ReadMemory at 0x7ffc98e10000 of 64 bytes failed: Only part of a ReadProcessMemory or WriteProcessMemory request was completed. (0x12B)
[0607/164548.085:WARNING:pe_image_reader.cc(340)] could not read dos header from C:\WINDOWS\SYSTEM32\gpapi.dll
[0607/164548.085:ERROR:process_memory_win.cc(73)] ReadMemory at 0x7ffc870f0000 of 64 bytes failed: Only part of a ReadProcessMemory or WriteProcessMemory request was completed. (0x12B)
[0607/164548.085:WARNING:pe_image_reader.cc(340)] could not read dos header from C:\Windows\System32\cryptnet.dll
[0607/164548.099:ERROR:process_memory_win.cc(73)] ReadMemory at 0xdca59fa000 of 24576 bytes failed: Only part of a ReadProcessMemory or WriteProcessMemory request was completed. (0x12B)
[0607/164548.099:ERROR:process_memory_win.cc(73)] ReadMemory at 0xdca61fe000 of 8192 bytes failed: Only part of a ReadProcessMemory or WriteProcessMemory request was completed. (0x12B)
[0607/164548.099:ERROR:process_memory_win.cc(73)] ReadMemory at 0xdca69fd000 of 12288 bytes failed: Only part of a ReadProcessMemory or WriteProcessMemory request was completed. (0x12B)
[0607/164548.099:ERROR:process_memory_win.cc(73)] ReadMemory at 0xdca71fa000 of 24576 bytes failed: Only part of a ReadProcessMemory or WriteProcessMemory request was completed. (0x12B)
[0607/164548.100:ERROR:process_memory_win.cc(73)] ReadMemory at 0xdca79fd000 of 12288 bytes failed: Only part of a ReadProcessMemory or WriteProcessMemory request was completed. (0x12B)
[0607/164548.100:ERROR:process_memory_win.cc(73)] ReadMemory at 0xdca81f8000 of 32768 bytes failed: Only part of a ReadProcessMemory or WriteProcessMemory request was completed. (0x12B)
[0607/164548.100:ERROR:process_memory_win.cc(73)] ReadMemory at 0xdca89fd000 of 12288 bytes failed: Only part of a ReadProcessMemory or WriteProcessMemory request was completed. (0x12B)
[0607/164548.100:ERROR:process_memory_win.cc(73)] ReadMemory at 0xdca91f9000 of 28672 bytes failed: Only part of a ReadProcessMemory or WriteProcessMemory request was completed. (0x12B)
[0607/164548.101:ERROR:process_memory_win.cc(73)] ReadMemory at 0xdca99fa000 of 24576 bytes failed: Only part of a ReadProcessMemory or WriteProcessMemory request was completed. (0x12B)
[0607/164548.101:ERROR:process_memory_win.cc(73)] ReadMemory at 0xdcaa9fe000 of 8192 bytes failed: Only part of a ReadProcessMemory or WriteProcessMemory request was completed. (0x12B)
[0607/164548.101:ERROR:process_memory_win.cc(73)] ReadMemory at 0xdcab1fe000 of 8192 bytes failed: Only part of a ReadProcessMemory or WriteProcessMemory request was completed. (0x12B)
[0607/164548.101:ERROR:process_memory_win.cc(73)] ReadMemory at 0xdca513e000 of 852 bytes failed: Only part of a ReadProcessMemory or WriteProcessMemory request was completed. (0x12B)
[0607/164548.101:ERROR:process_memory_win.cc(73)] ReadMemory at 0xdca513f000 of 6024 bytes failed: Only part of a ReadProcessMemory or WriteProcessMemory request was completed. (0x12B)
[0607/164548.101:ERROR:process_memory_win.cc(73)] ReadMemory at 0xdca5141000 of 6024 bytes failed: Only part of a ReadProcessMemory or WriteProcessMemory request was completed. (0x12B)
[0607/164548.101:ERROR:process_memory_win.cc(73)] ReadMemory at 0xdca5143000 of 6024 bytes failed: Only part of a ReadProcessMemory or WriteProcessMemory request was completed. (0x12B)
[0607/164548.102:ERROR:process_memory_win.cc(73)] ReadMemory at 0xdca5145000 of 6024 bytes failed: Only part of a ReadProcessMemory or WriteProcessMemory request was completed. (0x12B)
[0607/164548.102:ERROR:process_memory_win.cc(73)] ReadMemory at 0xdca5147000 of 6024 bytes failed: Only part of a ReadProcessMemory or WriteProcessMemory request was completed. (0x12B)
[0607/164548.102:ERROR:process_memory_win.cc(73)] ReadMemory at 0xdca5149000 of 6024 bytes failed: Only part of a ReadProcessMemory or WriteProcessMemory request was completed. (0x12B)
[0607/164548.102:ERROR:process_memory_win.cc(73)] ReadMemory at 0xdca514b000 of 6024 bytes failed: Only part of a ReadProcessMemory or WriteProcessMemory request was completed. (0x12B)
[0607/164548.102:ERROR:process_memory_win.cc(73)] ReadMemory at 0xdca514d000 of 6024 bytes failed: Only part of a ReadProcessMemory or WriteProcessMemory request was completed. (0x12B)
[0607/164548.102:ERROR:process_memory_win.cc(73)] ReadMemory at 0xdca514f000 of 6024 bytes failed: Only part of a ReadProcessMemory or WriteProcessMemory request was completed. (0x12B)
[0607/164548.102:ERROR:process_memory_win.cc(73)] ReadMemory at 0xdca5153000 of 6024 bytes failed: Only part of a ReadProcessMemory or WriteProcessMemory request was completed. (0x12B)
[0607/164548.102:ERROR:process_memory_win.cc(73)] ReadMemory at 0xdca5155000 of 6024 bytes failed: Only part of a ReadProcessMemory or WriteProcessMemory request was completed. (0x12B)
[0607/164548.102:ERROR:process_memory_win.cc(73)] ReadMemory at 0x29ce4360ad0 of 512 bytes failed: Only part of a ReadProcessMemory or WriteProcessMemory request was completed. (0x12B)
[0607/164548.103:ERROR:process_memory_win.cc(73)] ReadMemory at 0x29ce4360fe0 of 4840 bytes failed: Only part of a ReadProcessMemory or WriteProcessMemory request was completed. (0x12B)
[0607/164548.103:ERROR:process_memory_win.cc(73)] ReadMemory at 0x29ce43622d0 of 1012 bytes failed: Only part of a ReadProcessMemory or WriteProcessMemory request was completed. (0x12B)
[0607/164548.103:ERROR:process_memory_win.cc(73)] ReadMemory at 0x29ce4362918 of 118 bytes failed: Only part of a ReadProcessMemory or WriteProcessMemory request was completed. (0x12B)
[0607/164548.103:ERROR:process_memory_win.cc(73)] ReadMemory at 0x29ce4362990 of 824 bytes failed: Only part of a ReadProcessMemory or WriteProcessMemory request was completed. (0x12B)
[0607/164548.103:ERROR:process_memory_win.cc(73)] ReadMemory at 0x29ce4362cca of 118 bytes failed: Only part of a ReadProcessMemory or WriteProcessMemory request was completed. (0x12B)
[0607/164548.103:ERROR:process_memory_win.cc(73)] ReadMemory at 0x29ce4362d42 of 30 bytes failed: Only part of a ReadProcessMemory or WriteProcessMemory request was completed. (0x12B)
[0607/164548.103:ERROR:process_memory_win.cc(73)] ReadMemory at 0x29ce4362d70 of 58 bytes failed: Only part of a ReadProcessMemory or WriteProcessMemory request was completed. (0x12B)
[0607/164548.103:ERROR:process_memory_win.cc(73)] ReadMemory at 0x29ce4362e70 of 132 bytes failed: Only part of a ReadProcessMemory or WriteProcessMemory request was completed. (0x12B)
[0607/164548.103:ERROR:process_memory_win.cc(73)] ReadMemory at 0x29ce4363000 of 132 bytes failed: Only part of a ReadProcessMemory or WriteProcessMemory request was completed. (0x12B)
[0607/164548.103:ERROR:process_memory_win.cc(73)] ReadMemory at 0x29ce43631c0 of 124 bytes failed: Only part of a ReadProcessMemory or WriteProcessMemory request was completed. (0x12B)
[0607/164548.104:ERROR:process_memory_win.cc(73)] ReadMemory at 0x29ce43635a0 of 132 bytes failed: Only part of a ReadProcessMemory or WriteProcessMemory request was completed. (0x12B)
[0607/164548.104:ERROR:process_memory_win.cc(73)] ReadMemory at 0x29ce4363730 of 64 bytes failed: Only part of a ReadProcessMemory or WriteProcessMemory request was completed. (0x12B)
[0607/164548.104:ERROR:process_memory_win.cc(73)] ReadMemory at 0x29ce4363860 of 132 bytes failed: Only part of a ReadProcessMemory or WriteProcessMemory request was completed. (0x12B)
[0607/164548.104:ERROR:process_memory_win.cc(73)] ReadMemory at 0x29ce4363b90 of 132 bytes failed: Only part of a ReadProcessMemory or WriteProcessMemory request was completed. (0x12B)
[0607/164548.104:ERROR:process_memory_win.cc(73)] ReadMemory at 0x29ce4363d20 of 68 bytes failed: Only part of a ReadProcessMemory or WriteProcessMemory request was completed. (0x12B)
[0607/164548.104:ERROR:process_memory_win.cc(73)] ReadMemory at 0x29ce4364d30 of 132 bytes failed: Only part of a ReadProcessMemory or WriteProcessMemory request was completed. (0x12B)
[0607/164548.104:ERROR:process_memory_win.cc(73)] ReadMemory at 0x29ce4364ea0 of 132 bytes failed: Only part of a ReadProcessMemory or WriteProcessMemory request was completed. (0x12B)
[0607/164548.104:ERROR:process_memory_win.cc(73)] ReadMemory at 0x29ce4364fd0 of 152 bytes failed: Only part of a ReadProcessMemory or WriteProcessMemory request was completed. (0x12B)
[0607/164548.104:ERROR:process_memory_win.cc(73)] ReadMemory at 0x29ce4365d90 of 62 bytes failed: Only part of a ReadProcessMemory or WriteProcessMemory request was completed. (0x12B)
[0607/164548.104:ERROR:process_memory_win.cc(73)] ReadMemory at 0x29ce4365de0 of 132 bytes failed: Only part of a ReadProcessMemory or WriteProcessMemory request was completed. (0x12B)
[0607/164548.105:ERROR:process_memory_win.cc(73)] ReadMemory at 0x29ce4365f80 of 132 bytes failed: Only part of a ReadProcessMemory or WriteProcessMemory request was completed. (0x12B)
[0607/164548.105:ERROR:process_memory_win.cc(73)] ReadMemory at 0x29ce43660b0 of 60 bytes failed: Only part of a ReadProcessMemory or WriteProcessMemory request was completed. (0x12B)
[0607/164548.105:ERROR:process_memory_win.cc(73)] ReadMemory at 0x29ce43669fa of 512 bytes failed: Only part of a ReadProcessMemory or WriteProcessMemory request was completed. (0x12B)
[0607/164548.105:ERROR:process_memory_win.cc(73)] ReadMemory at 0x29ce4366fb0 of 132 bytes failed: Only part of a ReadProcessMemory or WriteProcessMemory request was completed. (0x12B)
[0607/164548.105:ERROR:process_memory_win.cc(73)] ReadMemory at 0x29ce43670e0 of 132 bytes failed: Only part of a ReadProcessMemory or WriteProcessMemory request was completed. (0x12B)
[0607/164548.105:ERROR:process_memory_win.cc(73)] ReadMemory at 0x29ce4369f60 of 132 bytes failed: Only part of a ReadProcessMemory or WriteProcessMemory request was completed. (0x12B)
[0607/164548.105:ERROR:process_memory_win.cc(73)] ReadMemory at 0x29ce436a130 of 132 bytes failed: Only part of a ReadProcessMemory or WriteProcessMemory request was completed. (0x12B)
[0607/164548.105:ERROR:process_memory_win.cc(73)] ReadMemory at 0x29ce436a310 of 80 bytes failed: Only part of a ReadProcessMemory or WriteProcessMemory request was completed. (0x12B)
[0607/164548.105:ERROR:process_memory_win.cc(73)] ReadMemory at 0x29ce436b140 of 60 bytes failed: Only part of a ReadProcessMemory or WriteProcessMemory request was completed. (0x12B)
[0607/164548.105:ERROR:process_memory_win.cc(73)] ReadMemory at 0x29ce436b190 of 64 bytes failed: Only part of a ReadProcessMemory or WriteProcessMemory request was completed. (0x12B)
[0607/164548.105:ERROR:process_memory_win.cc(73)] ReadMemory at 0x29ce436b1e0 of 66 bytes failed: Only part of a ReadProcessMemory or WriteProcessMemory request was completed. (0x12B)
[0607/164548.106:ERROR:process_memory_win.cc(73)] ReadMemory at 0x29ce436b230 of 64 bytes failed: Only part of a ReadProcessMemory or WriteProcessMemory request was completed. (0x12B)
[0607/164548.106:ERROR:process_memory_win.cc(73)] ReadMemory at 0x29ce436b3c0 of 64 bytes failed: Only part of a ReadProcessMemory or WriteProcessMemory request was completed. (0x12B)
[0607/164548.106:ERROR:process_memory_win.cc(73)] ReadMemory at 0x29ce436b410 of 62 bytes failed: Only part of a ReadProcessMemory or WriteProcessMemory request was completed. (0x12B)
[0607/164548.106:ERROR:process_memory_win.cc(73)] ReadMemory at 0x29ce436b500 of 62 bytes failed: Only part of a ReadProcessMemory or WriteProcessMemory request was completed. (0x12B)
[0607/164548.106:ERROR:process_memory_win.cc(73)] ReadMemory at 0x29ce436b550 of 60 bytes failed: Only part of a ReadProcessMemory or WriteProcessMemory request was completed. (0x12B)
[0607/164548.106:ERROR:process_memory_win.cc(73)] ReadMemory at 0x29ce436b640 of 64 bytes failed: Only part of a ReadProcessMemory or WriteProcessMemory request was completed. (0x12B)
[0607/164548.106:ERROR:process_memory_win.cc(73)] ReadMemory at 0x29ce436bfd0 of 132 bytes failed: Only part of a ReadProcessMemory or WriteProcessMemory request was completed. (0x12B)
[0607/164548.106:ERROR:process_memory_win.cc(73)] ReadMemory at 0x29ce436c100 of 132 bytes failed: Only part of a ReadProcessMemory or WriteProcessMemory request was completed. (0x12B)
[0607/164548.106:ERROR:process_memory_win.cc(73)] ReadMemory at 0x29ce436c230 of 132 bytes failed: Only part of a ReadProcessMemory or WriteProcessMemory request was completed. (0x12B)
[0607/164548.106:ERROR:process_memory_win.cc(73)] ReadMemory at 0x29ce436c360 of 132 bytes failed: Only part of a ReadProcessMemory or WriteProcessMemory request was completed. (0x12B)
[0607/164548.107:ERROR:process_memory_win.cc(73)] ReadMemory at 0x29ce436c490 of 132 bytes failed: Only part of a ReadProcessMemory or WriteProcessMemory request was completed. (0x12B)
[0607/164548.107:ERROR:process_memory_win.cc(73)] ReadMemory at 0x29ce436c5c0 of 132 bytes failed: Only part of a ReadProcessMemory or WriteProcessMemory request was completed. (0x12B)
[0607/164548.107:ERROR:process_memory_win.cc(73)] ReadMemory at 0x29ce436c6f0 of 132 bytes failed: Only part of a ReadProcessMemory or WriteProcessMemory request was completed. (0x12B)
[0607/164548.107:ERROR:process_memory_win.cc(73)] ReadMemory at 0x29ce436c820 of 132 bytes failed: Only part of a ReadProcessMemory or WriteProcessMemory request was completed. (0x12B)
[0607/164548.107:ERROR:process_memory_win.cc(73)] ReadMemory at 0x29ce436c950 of 132 bytes failed: Only part of a ReadProcessMemory or WriteProcessMemory request was completed. (0x12B)
[0607/164548.107:ERROR:process_memory_win.cc(73)] ReadMemory at 0x29ce436ca80 of 132 bytes failed: Only part of a ReadProcessMemory or WriteProcessMemory request was completed. (0x12B)
[0607/164548.107:ERROR:process_memory_win.cc(73)] ReadMemory at 0x29ce436cbb0 of 132 bytes failed: Only part of a ReadProcessMemory or WriteProcessMemory request was completed. (0x12B)
[0607/164548.107:ERROR:process_memory_win.cc(73)] ReadMemory at 0x29ce436cce0 of 132 bytes failed: Only part of a ReadProcessMemory or WriteProcessMemory request was completed. (0x12B)
[0607/164548.107:ERROR:process_memory_win.cc(73)] ReadMemory at 0x29ce436ce10 of 132 bytes failed: Only part of a ReadProcessMemory or WriteProcessMemory request was completed. (0x12B)
[0607/164548.107:ERROR:process_memory_win.cc(73)] ReadMemory at 0x29ce436df20 of 54 bytes failed: Only part of a ReadProcessMemory or WriteProcessMemory request was completed. (0x12B)
[0607/164548.107:ERROR:process_memory_win.cc(73)] ReadMemory at 0x29ce436f2c0 of 132 bytes failed: Only part of a ReadProcessMemory or WriteProcessMemory request was completed. (0x12B)
[0607/164548.107:ERROR:process_memory_win.cc(73)] ReadMemory at 0x29ce436f900 of 132 bytes failed: Only part of a ReadProcessMemory or WriteProcessMemory request was completed. (0x12B)
[0607/164548.108:ERROR:process_memory_win.cc(73)] ReadMemory at 0x29ce436fb20 of 132 bytes failed: Only part of a ReadProcessMemory or WriteProcessMemory request was completed. (0x12B)
[0607/164548.108:ERROR:process_memory_win.cc(73)] ReadMemory at 0x29ce436fbd0 of 512 bytes failed: Only part of a ReadProcessMemory or WriteProcessMemory request was completed. (0x12B)
[0607/164548.108:ERROR:process_memory_win.cc(73)] ReadMemory at 0x29ce43723d0 of 144 bytes failed: Only part of a ReadProcessMemory or WriteProcessMemory request was completed. (0x12B)
[0607/164548.108:ERROR:process_memory_win.cc(73)] ReadMemory at 0x29ce4373e80 of 132 bytes failed: Only part of a ReadProcessMemory or WriteProcessMemory request was completed. (0x12B)
[0607/164548.108:ERROR:process_memory_win.cc(73)] ReadMemory at 0x29ce4374a20 of 78 bytes failed: Only part of a ReadProcessMemory or WriteProcessMemory request was completed. (0x12B)
[0607/164548.108:ERROR:process_memory_win.cc(73)] ReadMemory at 0x29ce4374ae0 of 76 bytes failed: Only part of a ReadProcessMemory or WriteProcessMemory request was completed. (0x12B)
[0607/164548.108:ERROR:process_memory_win.cc(73)] ReadMemory at 0x29ce4374d20 of 80 bytes failed: Only part of a ReadProcessMemory or WriteProcessMemory request was completed. (0x12B)
[0607/164548.108:ERROR:process_memory_win.cc(73)] ReadMemory at 0x29ce4375060 of 62 bytes failed: Only part of a ReadProcessMemory or WriteProcessMemory request was completed. (0x12B)
[0607/164548.108:ERROR:process_memory_win.cc(73)] ReadMemory at 0x29ce4375100 of 66 bytes failed: Only part of a ReadProcessMemory or WriteProcessMemory request was completed. (0x12B)
[0607/164548.109:ERROR:process_memory_win.cc(73)] ReadMemory at 0x29ce4375150 of 62 bytes failed: Only part of a ReadProcessMemory or WriteProcessMemory request was completed. (0x12B)
[0607/164548.109:ERROR:process_memory_win.cc(73)] ReadMemory at 0x29ce43751f0 of 62 bytes failed: Only part of a ReadProcessMemory or WriteProcessMemory request was completed. (0x12B)
[0607/164548.109:ERROR:process_memory_win.cc(73)] ReadMemory at 0x29ce4375240 of 62 bytes failed: Only part of a ReadProcessMemory or WriteProcessMemory request was completed. (0x12B)
[0607/164548.109:ERROR:process_memory_win.cc(73)] ReadMemory at 0x29ce4375380 of 64 bytes failed: Only part of a ReadProcessMemory or WriteProcessMemory request was completed. (0x12B)
[0607/164548.109:ERROR:process_memory_win.cc(73)] ReadMemory at 0x29ce4375420 of 60 bytes failed: Only part of a ReadProcessMemory or WriteProcessMemory request was completed. (0x12B)
[0607/164548.109:ERROR:process_memory_win.cc(73)] ReadMemory at 0x29ce4375470 of 62 bytes failed: Only part of a ReadProcessMemory or WriteProcessMemory request was completed. (0x12B)
[0607/164548.109:ERROR:process_memory_win.cc(73)] ReadMemory at 0x29ce4375650 of 62 bytes failed: Only part of a ReadProcessMemory or WriteProcessMemory request was completed. (0x12B)
[0607/164548.109:ERROR:process_memory_win.cc(73)] ReadMemory at 0x29ce43756a0 of 64 bytes failed: Only part of a ReadProcessMemory or WriteProcessMemory request was completed. (0x12B)
[0607/164548.109:ERROR:process_memory_win.cc(73)] ReadMemory at 0x29ce4375790 of 64 bytes failed: Only part of a ReadProcessMemory or WriteProcessMemory request was completed. (0x12B)
[0607/164548.110:ERROR:process_memory_win.cc(73)] ReadMemory at 0x29ce4375830 of 60 bytes failed: Only part of a ReadProcessMemory or WriteProcessMemory request was completed. (0x12B)
[0607/164548.110:ERROR:process_memory_win.cc(73)] ReadMemory at 0x29ce4375880 of 60 bytes failed: Only part of a ReadProcessMemory or WriteProcessMemory request was completed. (0x12B)
[0607/164548.110:ERROR:process_memory_win.cc(73)] ReadMemory at 0x29ce4375920 of 62 bytes failed: Only part of a ReadProcessMemory or WriteProcessMemory request was completed. (0x12B)
[0607/164548.110:ERROR:process_memory_win.cc(73)] ReadMemory at 0x29ce4375ab0 of 60 bytes failed: Only part of a ReadProcessMemory or WriteProcessMemory request was completed. (0x12B)
[0607/164548.110:ERROR:process_memory_win.cc(73)] ReadMemory at 0x29ce4375b00 of 62 bytes failed: Only part of a ReadProcessMemory or WriteProcessMemory request was completed. (0x12B)
[0607/164548.110:ERROR:process_memory_win.cc(73)] ReadMemory at 0x29ce4375d30 of 62 bytes failed: Only part of a ReadProcessMemory or WriteProcessMemory request was completed. (0x12B)
[0607/164548.110:ERROR:process_memory_win.cc(73)] ReadMemory at 0x29ce4375f10 of 58 bytes failed: Only part of a ReadProcessMemory or WriteProcessMemory request was completed. (0x12B)
[0607/164548.110:ERROR:process_memory_win.cc(73)] ReadMemory at 0x29ce4375f60 of 64 bytes failed: Only part of a ReadProcessMemory or WriteProcessMemory request was completed. (0x12B)
[0607/164548.110:ERROR:process_memory_win.cc(73)] ReadMemory at 0x29ce43761f0 of 132 bytes failed: Only part of a ReadProcessMemory or WriteProcessMemory request was completed. (0x12B)
[0607/164548.110:ERROR:process_memory_win.cc(73)] ReadMemory at 0x29ce4376320 of 132 bytes failed: Only part of a ReadProcessMemory or WriteProcessMemory request was completed. (0x12B)
[0607/164548.110:ERROR:process_memory_win.cc(73)] ReadMemory at 0x29ce4376450 of 132 bytes failed: Only part of a ReadProcessMemory or WriteProcessMemory request was completed. (0x12B)
[0607/164548.111:ERROR:process_memory_win.cc(73)] ReadMemory at 0x29ce4376580 of 132 bytes failed: Only part of a ReadProcessMemory or WriteProcessMemory request was completed. (0x12B)
[0607/164548.111:ERROR:process_memory_win.cc(73)] ReadMemory at 0x29ce43766b0 of 132 bytes failed: Only part of a ReadProcessMemory or WriteProcessMemory request was completed. (0x12B)
[0607/164548.111:ERROR:process_memory_win.cc(73)] ReadMemory at 0x29ce43767e0 of 132 bytes failed: Only part of a ReadProcessMemory or WriteProcessMemory request was completed. (0x12B)
[0607/164548.111:ERROR:process_memory_win.cc(73)] ReadMemory at 0x29ce4376910 of 132 bytes failed: Only part of a ReadProcessMemory or WriteProcessMemory request was completed. (0x12B)
[0607/164548.111:ERROR:process_memory_win.cc(73)] ReadMemory at 0x29ce4376a40 of 132 bytes failed: Only part of a ReadProcessMemory or WriteProcessMemory request was completed. (0x12B)
[0607/164548.111:ERROR:process_memory_win.cc(73)] ReadMemory at 0x29ce4376b70 of 132 bytes failed: Only part of a ReadProcessMemory or WriteProcessMemory request was completed. (0x12B)
[0607/164548.111:ERROR:process_memory_win.cc(73)] ReadMemory at 0x29ce4376ca0 of 132 bytes failed: Only part of a ReadProcessMemory or WriteProcessMemory request was completed. (0x12B)
[0607/164548.111:ERROR:process_memory_win.cc(73)] ReadMemory at 0x29ce4376dd0 of 132 bytes failed: Only part of a ReadProcessMemory or WriteProcessMemory request was completed. (0x12B)
[0607/164548.111:ERROR:process_memory_win.cc(73)] ReadMemory at 0x29ce4376f00 of 132 bytes failed: Only part of a ReadProcessMemory or WriteProcessMemory request was completed. (0x12B)
[0607/164548.111:ERROR:process_memory_win.cc(73)] ReadMemory at 0x29ce4377030 of 132 bytes failed: Only part of a ReadProcessMemory or WriteProcessMemory request was completed. (0x12B)
[0607/164548.112:ERROR:process_memory_win.cc(73)] ReadMemory at 0x29ce4377290 of 132 bytes failed: Only part of a ReadProcessMemory or WriteProcessMemory request was completed. (0x12B)
[0607/164548.112:ERROR:process_memory_win.cc(73)] ReadMemory at 0x29ce43773c0 of 132 bytes failed: Only part of a ReadProcessMemory or WriteProcessMemory request was completed. (0x12B)
[0607/164548.112:ERROR:process_memory_win.cc(73)] ReadMemory at 0x29ce43774f0 of 132 bytes failed: Only part of a ReadProcessMemory or WriteProcessMemory request was completed. (0x12B)
[0607/164548.112:ERROR:process_memory_win.cc(73)] ReadMemory at 0x29ce4377620 of 132 bytes failed: Only part of a ReadProcessMemory or WriteProcessMemory request was completed. (0x12B)
[0607/164548.112:ERROR:process_memory_win.cc(73)] ReadMemory at 0x29ce4377880 of 132 bytes failed: Only part of a ReadProcessMemory or WriteProcessMemory request was completed. (0x12B)
[0607/164548.112:ERROR:process_memory_win.cc(73)] ReadMemory at 0x29ce43779b0 of 132 bytes failed: Only part of a ReadProcessMemory or WriteProcessMemory request was completed. (0x12B)
[0607/164548.112:ERROR:process_memory_win.cc(73)] ReadMemory at 0x29ce4377ae0 of 132 bytes failed: Only part of a ReadProcessMemory or WriteProcessMemory request was completed. (0x12B)
[0607/164548.112:ERROR:process_memory_win.cc(73)] ReadMemory at 0x29ce4377c10 of 132 bytes failed: Only part of a ReadProcessMemory or WriteProcessMemory request was completed. (0x12B)
[0607/164548.113:ERROR:process_memory_win.cc(73)] ReadMemory at 0x29ce4377d40 of 132 bytes failed: Only part of a ReadProcessMemory or WriteProcessMemory request was completed. (0x12B)
[0607/164548.113:ERROR:process_memory_win.cc(73)] ReadMemory at 0x29ce4377e70 of 132 bytes failed: Only part of a ReadProcessMemory or WriteProcessMemory request was completed. (0x12B)
[0607/164548.113:ERROR:process_memory_win.cc(73)] ReadMemory at 0x29ce4377fa0 of 132 bytes failed: Only part of a ReadProcessMemory or WriteProcessMemory request was completed. (0x12B)
[0607/164548.113:ERROR:process_memory_win.cc(73)] ReadMemory at 0x29ce4386456 of 512 bytes failed: Only part of a ReadProcessMemory or WriteProcessMemory request was completed. (0x12B)
[0607/164548.113:ERROR:process_memory_win.cc(73)] ReadMemory at 0x29ce438ce40 of 60 bytes failed: Only part of a ReadProcessMemory or WriteProcessMemory request was completed. (0x12B)
[0607/164548.113:ERROR:process_memory_win.cc(73)] ReadMemory at 0x29ce438d0c0 of 66 bytes failed: Only part of a ReadProcessMemory or WriteProcessMemory request was completed. (0x12B)
[0607/164548.113:ERROR:process_memory_win.cc(73)] ReadMemory at 0x29ce438d110 of 568 bytes failed: Only part of a ReadProcessMemory or WriteProcessMemory request was completed. (0x12B)
[0607/164548.113:ERROR:process_memory_win.cc(73)] ReadMemory at 0x29ce438d430 of 60 bytes failed: Only part of a ReadProcessMemory or WriteProcessMemory request was completed. (0x12B)
[0607/164548.113:ERROR:process_memory_win.cc(73)] ReadMemory at 0x29ce438d480 of 66 bytes failed: Only part of a ReadProcessMemory or WriteProcessMemory request was completed. (0x12B)
[0607/164548.113:ERROR:process_memory_win.cc(73)] ReadMemory at 0x29ce438d610 of 64 bytes failed: Only part of a ReadProcessMemory or WriteProcessMemory request was completed. (0x12B)
[0607/164548.114:ERROR:process_memory_win.cc(73)] ReadMemory at 0x29ce438d660 of 58 bytes failed: Only part of a ReadProcessMemory or WriteProcessMemory request was completed. (0x12B)
[0607/164548.114:ERROR:process_memory_win.cc(73)] ReadMemory at 0x29ce438d700 of 62 bytes failed: Only part of a ReadProcessMemory or WriteProcessMemory request was completed. (0x12B)
[0607/164548.114:ERROR:process_memory_win.cc(73)] ReadMemory at 0x29ce438d7f0 of 62 bytes failed: Only part of a ReadProcessMemory or WriteProcessMemory request was completed. (0x12B)
[0607/164548.114:ERROR:process_memory_win.cc(73)] ReadMemory at 0x29ce438d890 of 58 bytes failed: Only part of a ReadProcessMemory or WriteProcessMemory request was completed. (0x12B)
[0607/164548.114:ERROR:process_memory_win.cc(73)] ReadMemory at 0x29ce438da20 of 60 bytes failed: Only part of a ReadProcessMemory or WriteProcessMemory request was completed. (0x12B)
[0607/164548.114:ERROR:process_memory_win.cc(73)] ReadMemory at 0x29ce438db60 of 66 bytes failed: Only part of a ReadProcessMemory or WriteProcessMemory request was completed. (0x12B)
[0607/164548.114:ERROR:process_memory_win.cc(73)] ReadMemory at 0x29ce438dd40 of 58 bytes failed: Only part of a ReadProcessMemory or WriteProcessMemory request was completed. (0x12B)
[0607/164548.114:ERROR:process_memory_win.cc(73)] ReadMemory at 0x29ce438ddd0 of 512 bytes failed: Only part of a ReadProcessMemory or WriteProcessMemory request was completed. (0x12B)
[0607/164548.114:ERROR:process_memory_win.cc(73)] ReadMemory at 0x29ce43910b0 of 512 bytes failed: Only part of a ReadProcessMemory or WriteProcessMemory request was completed. (0x12B)
[0607/164548.114:ERROR:process_memory_win.cc(73)] ReadMemory at 0x29ce43960c0 of 512 bytes failed: Only part of a ReadProcessMemory or WriteProcessMemory request was completed. (0x12B)
[0607/164548.115:ERROR:process_memory_win.cc(73)] ReadMemory at 0x29ce4396440 of 512 bytes failed: Only part of a ReadProcessMemory or WriteProcessMemory request was completed. (0x12B)
[0607/164548.115:ERROR:process_memory_win.cc(73)] ReadMemory at 0x29ce43a4b70 of 132 bytes failed: Only part of a ReadProcessMemory or WriteProcessMemory request was completed. (0x12B)
[0607/164548.115:ERROR:process_memory_win.cc(73)] ReadMemory at 0x29ce43a4dd0 of 132 bytes failed: Only part of a ReadProcessMemory or WriteProcessMemory request was completed. (0x12B)
[0607/164548.115:ERROR:process_memory_win.cc(73)] ReadMemory at 0x29ce43a5030 of 132 bytes failed: Only part of a ReadProcessMemory or WriteProcessMemory request was completed. (0x12B)
[0607/164548.115:ERROR:process_memory_win.cc(73)] ReadMemory at 0x29ce43a5160 of 132 bytes failed: Only part of a ReadProcessMemory or WriteProcessMemory request was completed. (0x12B)
[0607/164548.115:ERROR:process_memory_win.cc(73)] ReadMemory at 0x29ce43a5750 of 132 bytes failed: Only part of a ReadProcessMemory or WriteProcessMemory request was completed. (0x12B)
[0607/164548.116:ERROR:process_memory_win.cc(73)] ReadMemory at 0x29ce43a5880 of 132 bytes failed: Only part of a ReadProcessMemory or WriteProcessMemory request was completed. (0x12B)
[0607/164548.116:ERROR:process_memory_win.cc(73)] ReadMemory at 0x29ce43b50a0 of 512 bytes failed: Only part of a ReadProcessMemory or WriteProcessMemory request was completed. (0x12B)
[0607/164548.116:ERROR:process_memory_win.cc(73)] ReadMemory at 0x29ce43b5420 of 512 bytes failed: Only part of a ReadProcessMemory or WriteProcessMemory request was completed. (0x12B)
[0607/164548.116:ERROR:process_memory_win.cc(73)] ReadMemory at 0x29ce43c1de0 of 64 bytes failed: Only part of a ReadProcessMemory or WriteProcessMemory request was completed. (0x12B)
[0607/164548.116:ERROR:process_memory_win.cc(73)] ReadMemory at 0x29ce43c2330 of 62 bytes failed: Only part of a ReadProcessMemory or WriteProcessMemory request was completed. (0x12B)
[0607/164548.116:ERROR:process_memory_win.cc(73)] ReadMemory at 0x29ce43c2380 of 64 bytes failed: Only part of a ReadProcessMemory or WriteProcessMemory request was completed. (0x12B)
[0607/164548.117:ERROR:process_memory_win.cc(73)] ReadMemory at 0x29ce43c2420 of 62 bytes failed: Only part of a ReadProcessMemory or WriteProcessMemory request was completed. (0x12B)
[0607/164548.117:ERROR:process_memory_win.cc(73)] ReadMemory at 0x29ce43cbee0 of 512 bytes failed: Only part of a ReadProcessMemory or WriteProcessMemory request was completed. (0x12B)
[0607/164548.117:ERROR:process_memory_win.cc(73)] ReadMemory at 0x29ce43e7d60 of 60 bytes failed: Only part of a ReadProcessMemory or WriteProcessMemory request was completed. (0x12B)
[0607/164548.117:ERROR:process_memory_win.cc(73)] ReadMemory at 0x29ce44253c0 of 58 bytes failed: Only part of a ReadProcessMemory or WriteProcessMemory request was completed. (0x12B)
[0607/164548.117:ERROR:process_memory_win.cc(73)] ReadMemory at 0x29ce45d0000 of 384 bytes failed: Only part of a ReadProcessMemory or WriteProcessMemory request was completed. (0x12B)
[0607/164548.117:ERROR:process_memory_win.cc(73)] ReadMemory at 0x29ce45f0c40 of 512 bytes failed: Only part of a ReadProcessMemory or WriteProcessMemory request was completed. (0x12B)
[0607/164548.117:ERROR:process_memory_win.cc(73)] ReadMemory at 0x29ce46eeb20 of 512 bytes failed: Only part of a ReadProcessMemory or WriteProcessMemory request was completed. (0x12B)
[0607/164548.117:ERROR:process_memory_win.cc(73)] ReadMemory at 0x29ce78499d6 of 512 bytes failed: Only part of a ReadProcessMemory or WriteProcessMemory request was completed. (0x12B)
[0607/164548.117:ERROR:process_memory_win.cc(73)] ReadMemory at 0x7ffc270a398e of 512 bytes failed: Only part of a ReadProcessMemory or WriteProcessMemory request was completed. (0x12B)
[0607/164548.117:ERROR:process_memory_win.cc(73)] ReadMemory at 0x7ffc293f818c of 512 bytes failed: Only part of a ReadProcessMemory or WriteProcessMemory request was completed. (0x12B)
[0607/164548.117:ERROR:process_memory_win.cc(73)] ReadMemory at 0x7ffc2d93ac28 of 512 bytes failed: Only part of a ReadProcessMemory or WriteProcessMemory request was completed. (0x12B)
[0607/164548.117:ERROR:process_memory_win.cc(73)] ReadMemory at 0x7ffc2e0fb3e9 of 512 bytes failed: Only part of a ReadProcessMemory or WriteProcessMemory request was completed. (0x12B)
[0607/164548.117:ERROR:process_memory_win.cc(73)] ReadMemory at 0x7ffc2e45c4a0 of 512 bytes failed: Only part of a ReadProcessMemory or WriteProcessMemory request was completed. (0x12B)
[0607/164548.117:ERROR:process_memory_win.cc(73)] ReadMemory at 0x7ffc2e579568 of 512 bytes failed: Only part of a ReadProcessMemory or WriteProcessMemory request was completed. (0x12B)
[0607/164548.117:ERROR:process_memory_win.cc(73)] ReadMemory at 0x7ffc9b6bc6e0 of 512 bytes failed: Only part of a ReadProcessMemory or WriteProcessMemory request was completed. (0x12B)
[0607/164548.117:ERROR:process_memory_win.cc(73)] ReadMemory at 0x7ffc9da5c074 of 672 bytes failed: Only part of a ReadProcessMemory or WriteProcessMemory request was completed. (0x12B)
[0607/164548.117:ERROR:process_memory_win.cc(73)] ReadMemory at 0x7ffc9da5c674 of 512 bytes failed: Only part of a ReadProcessMemory or WriteProcessMemory request was completed. (0x12B)
[0607/164548.117:ERROR:process_memory_win.cc(73)] ReadMemory at 0x7ffc9da5f984 of 512 bytes failed: Only part of a ReadProcessMemory or WriteProcessMemory request was completed. (0x12B)
[0607/164548.117:ERROR:process_memory_win.cc(73)] ReadMemory at 0x7ffc9daec428 of 18 bytes failed: Only part of a ReadProcessMemory or WriteProcessMemory request was completed. (0x12B)
[0607/164548.118:ERROR:process_memory_win.cc(73)] ReadMemory at 0x7ffc9db1f4f8 of 40 bytes failed: Only part of a ReadProcessMemory or WriteProcessMemory request was completed. (0x12B)
[0607/164548.118:ERROR:process_memory_win.cc(73)] ReadMemory at 0x7ffc9db1f978 of 48 bytes failed: Only part of a ReadProcessMemory or WriteProcessMemory request was completed. (0x12B)
[0607/164548.118:ERROR:process_memory_win.cc(73)] ReadMemory at 0x7ffc9db253c0 of 64 bytes failed: Only part of a ReadProcessMemory or WriteProcessMemory request was completed. (0x12B)
[0607/164548.315:ERROR:scoped_process_suspend.cc(40)] NtResumeProcess: An attempt was made to access an exiting process. (0xc000010a)
